{"meta": {"format": 3, "version": "7.11.0", "timestamp": "2026-02-11T07:37:05.952979", "branch_coverage": false, "show_contexts": false}, "files": {"src\\hqt\\__init__.py": {"executed_lines": [0], "summary": {"covered_lines": 0, "num_statements": 0, "percent_covered": 100.0, "percent_covered_display": "100", "missing_lines": 0, "excluded_lines": 0}, "missing_lines": [], "excluded_lines": [], "functions": {"": {"executed_lines": [], "summary": {"covered_lines": 0, "num_statements": 0, "percent_covered": 100.0, "percent_covered_display": "100", "missing_lines": 0, "excluded_lines": 0}, "missing_lines": [], "excluded_lines": []}}, "classes": {"": {"executed_lines": [], "summary": {"covered_lines": 0, "num_statements": 0, "percent_covered": 100.0, "percent_covered_display": "100", "missing_lines": 0, "excluded_lines": 0}, "missing_lines": [], "excluded_lines": []}}}, "src\\hqt\\api\\__init__.py": {"executed_lines": [], "summary": {"covered_lines": 0, "num_statements": 0, "percent_covered": 100.0, "percent_covered_display": "100", "missing_lines": 0, "excluded_lines": 0}, "missing_lines": [], "excluded_lines": [], "functions": {"": {"executed_lines": [], "summary": {"covered_lines": 0, "num_statements": 0, "percent_covered": 100.0, "percent_covered_display": "100", "missing_lines": 0, "excluded_lines": 0}, "missing_lines": [], "excluded_lines": []}}, "classes": {"": {"executed_lines": [], "summary": {"covered_lines": 0, "num_statements": 0, "percent_covered": 100.0, "percent_covered_display": "100", "missing_lines": 0, "excluded_lines": 0}, "missing_lines": [], "excluded_lines": []}}}, "src\\hqt\\api\\routes\\__init__.py": {"executed_lines": [], "summary": {"covered_lines": 0, "num_statements": 0, "percent_covered": 100.0, "percent_covered_display": "100", "missing_lines": 0, "excluded_lines": 0}, "missing_lines": [], "excluded_lines": [], "functions": {"": {"executed_lines": [], "summary": {"covered_lines": 0, "num_statements": 0, "percent_covered": 100.0, "percent_covered_display": "100", "missing_lines": 0, "excluded_lines": 0}, "missing_lines": [], "excluded_lines": []}}, "classes": {"": {"executed_lines": [], "summary": {"covered_lines": 0, "num_statements": 0, "percent_covered": 100.0, "percent_covered_display": "100", "missing_lines": 0, "excluded_lines": 0}, "missing_lines": [], "excluded_lines": []}}}, "src\\hqt\\api\\websockets\\__init__.py": {"executed_lines": [], "summary": {"covered_lines": 0, "num_statements": 0, "percent_covered": 100.0, "percent_covered_display": "100", "missing_lines": 0, "excluded_lines": 0}, "missing_lines": [], "excluded_lines": [], "functions": {"": {"executed_lines": [], "summary": {"covered_lines": 0, "num_statements": 0, "percent_covered": 100.0, "percent_covered_display": "100", "missing_lines": 0, "excluded_lines": 0}, "missing_lines": [], "excluded_lines": []}}, "classes": {"": {"executed_lines": [], "summary": {"covered_lines": 0, "num_statements": 0, "percent_covered": 100.0, "percent_covered_display": "100", "missing_lines": 0, "excluded_lines": 0}, "missing_lines": [], "excluded_lines": []}}}, "src\\hqt\\backtesting\\__init__.py": {"executed_lines": [], "summary": {"covered_lines": 0, "num_statements": 0, "percent_covered": 100.0, "percent_covered_display": "100", "missing_lines": 0, "excluded_lines": 0}, "missing_lines": [], "excluded_lines": [], "functions": {"": {"executed_lines": [], "summary": {"covered_lines": 0, "num_statements": 0, "percent_covered": 100.0, "percent_covered_display": "100", "missing_lines": 0, "excluded_lines": 0}, "missing_lines": [], "excluded_lines": []}}, "classes": {"": {"executed_lines": [], "summary": {"covered_lines": 0, "num_statements": 0, "percent_covered": 100.0, "percent_covered_display": "100", "missing_lines": 0, "excluded_lines": 0}, "missing_lines": [], "excluded_lines": []}}}, "src\\hqt\\backtesting\\agents\\__init__.py": {"executed_lines": [], "summary": {"covered_lines": 0, "num_statements": 0, "percent_covered": 100.0, "percent_covered_display": "100", "missing_lines": 0, "excluded_lines": 0}, "missing_lines": [], "excluded_lines": [], "functions": {"": {"executed_lines": [], "summary": {"covered_lines": 0, "num_statements": 0, "percent_covered": 100.0, "percent_covered_display": "100", "missing_lines": 0, "excluded_lines": 0}, "missing_lines": [], "excluded_lines": []}}, "classes": {"": {"executed_lines": [], "summary": {"covered_lines": 0, "num_statements": 0, "percent_covered": 100.0, "percent_covered_display": "100", "missing_lines": 0, "excluded_lines": 0}, "missing_lines": [], "excluded_lines": []}}}, "src\\hqt\\backtesting\\edge_lab\\__init__.py": {"executed_lines": [], "summary": {"covered_lines": 0, "num_statements": 0, "percent_covered": 100.0, "percent_covered_display": "100", "missing_lines": 0, "excluded_lines": 0}, "missing_lines": [], "excluded_lines": [], "functions": {"": {"executed_lines": [], "summary": {"covered_lines": 0, "num_statements": 0, "percent_covered": 100.0, "percent_covered_display": "100", "missing_lines": 0, "excluded_lines": 0}, "missing_lines": [], "excluded_lines": []}}, "classes": {"": {"executed_lines": [], "summary": {"covered_lines": 0, "num_statements": 0, "percent_covered": 100.0, "percent_covered_display": "100", "missing_lines": 0, "excluded_lines": 0}, "missing_lines": [], "excluded_lines": []}}}, "src\\hqt\\backtesting\\engine\\__init__.py": {"executed_lines": [], "summary": {"covered_lines": 0, "num_statements": 0, "percent_covered": 100.0, "percent_covered_display": "100", "missing_lines": 0, "excluded_lines": 0}, "missing_lines": [], "excluded_lines": [], "functions": {"": {"executed_lines": [], "summary": {"covered_lines": 0, "num_statements": 0, "percent_covered": 100.0, "percent_covered_display": "100", "missing_lines": 0, "excluded_lines": 0}, "missing_lines": [], "excluded_lines": []}}, "classes": {"": {"executed_lines": [], "summary": {"covered_lines": 0, "num_statements": 0, "percent_covered": 100.0, "percent_covered_display": "100", "missing_lines": 0, "excluded_lines": 0}, "missing_lines": [], "excluded_lines": []}}}, "src\\hqt\\backtesting\\metrics\\__init__.py": {"executed_lines": [], "summary": {"covered_lines": 0, "num_statements": 0, "percent_covered": 100.0, "percent_covered_display": "100", "missing_lines": 0, "excluded_lines": 0}, "missing_lines": [], "excluded_lines": [], "functions": {"": {"executed_lines": [], "summary": {"covered_lines": 0, "num_statements": 0, "percent_covered": 100.0, "percent_covered_display": "100", "missing_lines": 0, "excluded_lines": 0}, "missing_lines": [], "excluded_lines": []}}, "classes": {"": {"executed_lines": [], "summary": {"covered_lines": 0, "num_statements": 0, "percent_covered": 100.0, "percent_covered_display": "100", "missing_lines": 0, "excluded_lines": 0}, "missing_lines": [], "excluded_lines": []}}}, "src\\hqt\\backtesting\\monte_carlo\\__init__.py": {"executed_lines": [], "summary": {"covered_lines": 0, "num_statements": 0, "percent_covered": 100.0, "percent_covered_display": "100", "missing_lines": 0, "excluded_lines": 0}, "missing_lines": [], "excluded_lines": [], "functions": {"": {"executed_lines": [], "summary": {"covered_lines": 0, "num_statements": 0, "percent_covered": 100.0, "percent_covered_display": "100", "missing_lines": 0, "excluded_lines": 0}, "missing_lines": [], "excluded_lines": []}}, "classes": {"": {"executed_lines": [], "summary": {"covered_lines": 0, "num_statements": 0, "percent_covered": 100.0, "percent_covered_display": "100", "missing_lines": 0, "excluded_lines": 0}, "missing_lines": [], "excluded_lines": []}}}, "src\\hqt\\backtesting\\optimization\\__init__.py": {"executed_lines": [], "summary": {"covered_lines": 0, "num_statements": 0, "percent_covered": 100.0, "percent_covered_display": "100", "missing_lines": 0, "excluded_lines": 0}, "missing_lines": [], "excluded_lines": [], "functions": {"": {"executed_lines": [], "summary": {"covered_lines": 0, "num_statements": 0, "percent_covered": 100.0, "percent_covered_display": "100", "missing_lines": 0, "excluded_lines": 0}, "missing_lines": [], "excluded_lines": []}}, "classes": {"": {"executed_lines": [], "summary": {"covered_lines": 0, "num_statements": 0, "percent_covered": 100.0, "percent_covered_display": "100", "missing_lines": 0, "excluded_lines": 0}, "missing_lines": [], "excluded_lines": []}}}, "src\\hqt\\backtesting\\storage\\__init__.py": {"executed_lines": [], "summary": {"covered_lines": 0, "num_statements": 0, "percent_covered": 100.0, "percent_covered_display": "100", "missing_lines": 0, "excluded_lines": 0}, "missing_lines": [], "excluded_lines": [], "functions": {"": {"executed_lines": [], "summary": {"covered_lines": 0, "num_statements": 0, "percent_covered": 100.0, "percent_covered_display": "100", "missing_lines": 0, "excluded_lines": 0}, "missing_lines": [], "excluded_lines": []}}, "classes": {"": {"executed_lines": [], "summary": {"covered_lines": 0, "num_statements": 0, "percent_covered": 100.0, "percent_covered_display": "100", "missing_lines": 0, "excluded_lines": 0}, "missing_lines": [], "excluded_lines": []}}}, "src\\hqt\\backtesting\\visualization\\__init__.py": {"executed_lines": [], "summary": {"covered_lines": 0, "num_statements": 0, "percent_covered": 100.0, "percent_covered_display": "100", "missing_lines": 0, "excluded_lines": 0}, "missing_lines": [], "excluded_lines": [], "functions": {"": {"executed_lines": [], "summary": {"covered_lines": 0, "num_statements": 0, "percent_covered": 100.0, "percent_covered_display": "100", "missing_lines": 0, "excluded_lines": 0}, "missing_lines": [], "excluded_lines": []}}, "classes": {"": {"executed_lines": [], "summary": {"covered_lines": 0, "num_statements": 0, "percent_covered": 100.0, "percent_covered_display": "100", "missing_lines": 0, "excluded_lines": 0}, "missing_lines": [], "excluded_lines": []}}}, "src\\hqt\\backtesting\\wfo\\__init__.py": {"executed_lines": [], "summary": {"covered_lines": 0, "num_statements": 0, "percent_covered": 100.0, "percent_covered_display": "100", "missing_lines": 0, "excluded_lines": 0}, "missing_lines": [], "excluded_lines": [], "functions": {"": {"executed_lines": [], "summary": {"covered_lines": 0, "num_statements": 0, "percent_covered": 100.0, "percent_covered_display": "100", "missing_lines": 0, "excluded_lines": 0}, "missing_lines": [], "excluded_lines": []}}, "classes": {"": {"executed_lines": [], "summary": {"covered_lines": 0, "num_statements": 0, "percent_covered": 100.0, "percent_covered_display": "100", "missing_lines": 0, "excluded_lines": 0}, "missing_lines": [], "excluded_lines": []}}}, "src\\hqt\\data\\__init__.py": {"executed_lines": [1, 14, 37], "summary": {"covered_lines": 2, "num_statements": 2, "percent_covered": 100.0, "percent_covered_display": "100", "missing_lines": 0, "excluded_lines": 0}, "missing_lines": [], "excluded_lines": [], "functions": {"": {"executed_lines": [1, 14, 37], "summary": {"covered_lines": 2, "num_statements": 2, "percent_covered": 100.0, "percent_covered_display": "100", "missing_lines": 0, "excluded_lines": 0}, "missing_lines": [], "excluded_lines": []}}, "classes": {"": {"executed_lines": [1, 14, 37], "summary": {"covered_lines": 2, "num_statements": 2, "percent_covered": 100.0, "percent_covered_display": "100", "missing_lines": 0, "excluded_lines": 0}, "missing_lines": [], "excluded_lines": []}}}, "src\\hqt\\data\\models\\__init__.py": {"executed_lines": [1, 10, 11, 25, 30, 32], "summary": {"covered_lines": 5, "num_statements": 5, "percent_covered": 100.0, "percent_covered_display": "100", "missing_lines": 0, "excluded_lines": 0}, "missing_lines": [], "excluded_lines": [], "functions": {"": {"executed_lines": [1, 10, 11, 25, 30, 32], "summary": {"covered_lines": 5, "num_statements": 5, "percent_covered": 100.0, "percent_covered_display": "100", "missing_lines": 0, "excluded_lines": 0}, "missing_lines": [], "excluded_lines": []}}, "classes": {"": {"executed_lines": [1, 10, 11, 25, 30, 32], "summary": {"covered_lines": 5, "num_statements": 5, "percent_covered": 100.0, "percent_covered_display": "100", "missing_lines": 0, "excluded_lines": 0}, "missing_lines": [], "excluded_lines": []}}}, "src\\hqt\\data\\models\\bar.py": {"executed_lines": [1, 11, 12, 13, 15, 18, 19, 45, 46, 47, 48, 49, 50, 51, 52, 53, 55, 56, 58, 60, 61, 63, 65, 67, 69, 71, 73, 75, 77, 79, 81, 83, 85, 87, 91, 104, 105, 150, 156, 157, 158, 159, 160, 161, 162, 163, 164, 165, 167, 168, 171, 172, 173, 178, 179, 180, 184, 186, 187, 189, 191, 192, 194, 196, 197, 199, 201, 202, 204, 206, 207, 209, 211, 212, 214, 216, 217, 219, 221, 222, 224, 226, 233, 246, 248, 254, 255, 329, 379, 380, 383, 384, 386, 388], "summary": {"covered_lines": 91, "num_statements": 106, "percent_covered": 85.84905660377359, "percent_covered_display": "86", "missing_lines": 15, "excluded_lines": 0}, "missing_lines": [68, 74, 80, 86, 295, 296, 299, 302, 303, 304, 305, 308, 309, 313, 315], "excluded_lines": [], "functions": {"Timeframe.minutes": {"executed_lines": [58], "summary": {"covered_lines": 1, "num_statements": 1, "percent_covered": 100.0, "percent_covered_display": "100", "missing_lines": 0, "excluded_lines": 0}, "missing_lines": [], "excluded_lines": []}, "Timeframe.seconds": {"executed_lines": [63], "summary": {"covered_lines": 1, "num_statements": 1, "percent_covered": 100.0, "percent_covered_display": "100", "missing_lines": 0, "excluded_lines": 0}, "missing_lines": [], "excluded_lines": []}, "Timeframe.__lt__": {"executed_lines": [67, 69], "summary": {"covered_lines": 2, "num_statements": 3, "percent_covered": 66.66666666666667, "percent_covered_display": "67", "missing_lines": 1, "excluded_lines": 0}, "missing_lines": [68], "excluded_lines": []}, "Timeframe.__le__": {"executed_lines": [73, 75], "summary": {"covered_lines": 2, "num_statements": 3, "percent_covered": 66.66666666666667, "percent_covered_display": "67", "missing_lines": 1, "excluded_lines": 0}, "missing_lines": [74], "excluded_lines": []}, "Timeframe.__gt__": {"executed_lines": [79, 81], "summary": {"covered_lines": 2, "num_statements": 3, "percent_covered": 66.66666666666667, "percent_covered_display": "67", "missing_lines": 1, "excluded_lines": 0}, "missing_lines": [80], "excluded_lines": []}, "Timeframe.__ge__": {"executed_lines": [85, 87], "summary": {"covered_lines": 2, "num_statements": 3, "percent_covered": 66.66666666666667, "percent_covered_display": "67", "missing_lines": 1, "excluded_lines": 0}, "missing_lines": [86], "excluded_lines": []}, "Bar.validate_ohlc": {"executed_lines": [171, 172, 173, 178, 179, 180, 184], "summary": {"covered_lines": 7, "num_statements": 7, "percent_covered": 100.0, "percent_covered_display": "100", "missing_lines": 0, "excluded_lines": 0}, "missing_lines": [], "excluded_lines": []}, "Bar.datetime": {"executed_lines": [189], "summary": {"covered_lines": 1, "num_statements": 1, "percent_covered": 100.0, "percent_covered_display": "100", "missing_lines": 0, "excluded_lines": 0}, "missing_lines": [], "excluded_lines": []}, "Bar.range": {"executed_lines": [194], "summary": {"covered_lines": 1, "num_statements": 1, "percent_covered": 100.0, "percent_covered_display": "100", "missing_lines": 0, "excluded_lines": 0}, "missing_lines": [], "excluded_lines": []}, "Bar.body": {"executed_lines": [199], "summary": {"covered_lines": 1, "num_statements": 1, "percent_covered": 100.0, "percent_covered_display": "100", "missing_lines": 0, "excluded_lines": 0}, "missing_lines": [], "excluded_lines": []}, "Bar.upper_wick": {"executed_lines": [204], "summary": {"covered_lines": 1, "num_statements": 1, "percent_covered": 100.0, "percent_covered_display": "100", "missing_lines": 0, "excluded_lines": 0}, "missing_lines": [], "excluded_lines": []}, "Bar.lower_wick": {"executed_lines": [209], "summary": {"covered_lines": 1, "num_statements": 1, "percent_covered": 100.0, "percent_covered_display": "100", "missing_lines": 0, "excluded_lines": 0}, "missing_lines": [], "excluded_lines": []}, "Bar.is_bullish": {"executed_lines": [214], "summary": {"covered_lines": 1, "num_statements": 1, "percent_covered": 100.0, "percent_covered_display": "100", "missing_lines": 0, "excluded_lines": 0}, "missing_lines": [], "excluded_lines": []}, "Bar.is_bearish": {"executed_lines": [219], "summary": {"covered_lines": 1, "num_statements": 1, "percent_covered": 100.0, "percent_covered_display": "100", "missing_lines": 0, "excluded_lines": 0}, "missing_lines": [], "excluded_lines": []}, "Bar.is_doji": {"executed_lines": [224], "summary": {"covered_lines": 1, "num_statements": 1, "percent_covered": 100.0, "percent_covered_display": "100", "missing_lines": 0, "excluded_lines": 0}, "missing_lines": [], "excluded_lines": []}, "Bar.to_dict": {"executed_lines": [233], "summary": {"covered_lines": 1, "num_statements": 1, "percent_covered": 100.0, "percent_covered_display": "100", "missing_lines": 0, "excluded_lines": 0}, "missing_lines": [], "excluded_lines": []}, "Bar.__repr__": {"executed_lines": [248], "summary": {"covered_lines": 1, "num_statements": 1, "percent_covered": 100.0, "percent_covered_display": "100", "missing_lines": 0, "excluded_lines": 0}, "missing_lines": [], "excluded_lines": []}, "Bar.from_mt5": {"executed_lines": [], "summary": {"covered_lines": 0, "num_statements": 11, "percent_covered": 0.0, "percent_covered_display": "0", "missing_lines": 11, "excluded_lines": 0}, "missing_lines": [295, 296, 299, 302, 303, 304, 305, 308, 309, 313, 315], "excluded_lines": []}, "create_bar": {"executed_lines": [379, 380, 383, 384, 386, 388], "summary": {"covered_lines": 6, "num_statements": 6, "percent_covered": 100.0, "percent_covered_display": "100", "missing_lines": 0, "excluded_lines": 0}, "missing_lines": [], "excluded_lines": []}, "": {"executed_lines": [1, 11, 12, 13, 15, 18, 19, 45, 46, 47, 48, 49, 50, 51, 52, 53, 55, 56, 60, 61, 65, 71, 77, 83, 91, 104, 105, 150, 156, 157, 158, 159, 160, 161, 162, 163, 164, 165, 167, 168, 186, 187, 191, 192, 196, 197, 201, 202, 206, 207, 211, 212, 216, 217, 221, 222, 226, 246, 254, 255, 329], "summary": {"covered_lines": 58, "num_statements": 58, "percent_covered": 100.0, "percent_covered_display": "100", "missing_lines": 0, "excluded_lines": 0}, "missing_lines": [], "excluded_lines": []}}, "classes": {"Timeframe": {"executed_lines": [58, 63, 67, 69, 73, 75, 79, 81, 85, 87], "summary": {"covered_lines": 10, "num_statements": 14, "percent_covered": 71.42857142857143, "percent_covered_display": "71", "missing_lines": 4, "excluded_lines": 0}, "missing_lines": [68, 74, 80, 86], "excluded_lines": []}, "Bar": {"executed_lines": [171, 172, 173, 178, 179, 180, 184, 189, 194, 199, 204, 209, 214, 219, 224, 233, 248], "summary": {"covered_lines": 17, "num_statements": 28, "percent_covered": 60.714285714285715, "percent_covered_display": "61", "missing_lines": 11, "excluded_lines": 0}, "missing_lines": [295, 296, 299, 302, 303, 304, 305, 308, 309, 313, 315], "excluded_lines": []}, "": {"executed_lines": [1, 11, 12, 13, 15, 18, 19, 45, 46, 47, 48, 49, 50, 51, 52, 53, 55, 56, 60, 61, 65, 71, 77, 83, 91, 104, 105, 150, 156, 157, 158, 159, 160, 161, 162, 163, 164, 165, 167, 168, 186, 187, 191, 192, 196, 197, 201, 202, 206, 207, 211, 212, 216, 217, 221, 222, 226, 246, 254, 255, 329, 379, 380, 383, 384, 386, 388], "summary": {"covered_lines": 64, "num_statements": 64, "percent_covered": 100.0, "percent_covered_display": "100", "missing_lines": 0, "excluded_lines": 0}, "missing_lines": [], "excluded_lines": []}}}, "src\\hqt\\data\\models\\dtypes.py": {"executed_lines": [1, 14, 16, 17, 19, 20, 24, 38, 55, 77, 78, 81, 103, 104, 107, 135, 136, 137, 138, 139, 140, 141, 142, 143, 146, 173, 183, 209, 210, 212, 213, 214, 215, 216, 217, 218, 219, 221, 224, 249, 252, 283, 284, 285, 286, 287, 288, 289, 290, 291, 292, 293, 294, 297, 328, 329, 330, 332, 346, 377, 378, 380, 381, 382, 383, 384, 385, 386, 387, 388, 389, 390, 392, 395, 420], "summary": {"covered_lines": 74, "num_statements": 74, "percent_covered": 100.0, "percent_covered_display": "100", "missing_lines": 0, "excluded_lines": 0}, "missing_lines": [], "excluded_lines": [], "functions": {"price_to_fixed": {"executed_lines": [77, 78], "summary": {"covered_lines": 2, "num_statements": 2, "percent_covered": 100.0, "percent_covered_display": "100", "missing_lines": 0, "excluded_lines": 0}, "missing_lines": [], "excluded_lines": []}, "fixed_to_price": {"executed_lines": [103, 104], "summary": {"covered_lines": 2, "num_statements": 2, "percent_covered": 100.0, "percent_covered_display": "100", "missing_lines": 0, "excluded_lines": 0}, "missing_lines": [], "excluded_lines": []}, "tick_to_array": {"executed_lines": [135, 136, 137, 138, 139, 140, 141, 142, 143], "summary": {"covered_lines": 9, "num_statements": 9, "percent_covered": 100.0, "percent_covered_display": "100", "missing_lines": 0, "excluded_lines": 0}, "missing_lines": [], "excluded_lines": []}, "array_to_tick": {"executed_lines": [173], "summary": {"covered_lines": 1, "num_statements": 1, "percent_covered": 100.0, "percent_covered_display": "100", "missing_lines": 0, "excluded_lines": 0}, "missing_lines": [], "excluded_lines": []}, "ticks_to_array": {"executed_lines": [209, 210, 212, 213, 214, 215, 216, 217, 218, 219, 221], "summary": {"covered_lines": 11, "num_statements": 11, "percent_covered": 100.0, "percent_covered_display": "100", "missing_lines": 0, "excluded_lines": 0}, "missing_lines": [], "excluded_lines": []}, "array_to_ticks": {"executed_lines": [249], "summary": {"covered_lines": 1, "num_statements": 1, "percent_covered": 100.0, "percent_covered_display": "100", "missing_lines": 0, "excluded_lines": 0}, "missing_lines": [], "excluded_lines": []}, "bar_to_array": {"executed_lines": [283, 284, 285, 286, 287, 288, 289, 290, 291, 292, 293, 294], "summary": {"covered_lines": 12, "num_statements": 12, "percent_covered": 100.0, "percent_covered_display": "100", "missing_lines": 0, "excluded_lines": 0}, "missing_lines": [], "excluded_lines": []}, "array_to_bar": {"executed_lines": [328, 329, 330, 332], "summary": {"covered_lines": 4, "num_statements": 4, "percent_covered": 100.0, "percent_covered_display": "100", "missing_lines": 0, "excluded_lines": 0}, "missing_lines": [], "excluded_lines": []}, "bars_to_array": {"executed_lines": [377, 378, 380, 381, 382, 383, 384, 385, 386, 387, 388, 389, 390, 392], "summary": {"covered_lines": 14, "num_statements": 14, "percent_covered": 100.0, "percent_covered_display": "100", "missing_lines": 0, "excluded_lines": 0}, "missing_lines": [], "excluded_lines": []}, "array_to_bars": {"executed_lines": [420], "summary": {"covered_lines": 1, "num_statements": 1, "percent_covered": 100.0, "percent_covered_display": "100", "missing_lines": 0, "excluded_lines": 0}, "missing_lines": [], "excluded_lines": []}, "": {"executed_lines": [1, 14, 16, 17, 19, 20, 24, 38, 55, 81, 107, 146, 183, 224, 252, 297, 346, 395], "summary": {"covered_lines": 17, "num_statements": 17, "percent_covered": 100.0, "percent_covered_display": "100", "missing_lines": 0, "excluded_lines": 0}, "missing_lines": [], "excluded_lines": []}}, "classes": {"": {"executed_lines": [1, 14, 16, 17, 19, 20, 24, 38, 55, 77, 78, 81, 103, 104, 107, 135, 136, 137, 138, 139, 140, 141, 142, 143, 146, 173, 183, 209, 210, 212, 213, 214, 215, 216, 217, 218, 219, 221, 224, 249, 252, 283, 284, 285, 286, 287, 288, 289, 290, 291, 292, 293, 294, 297, 328, 329, 330, 332, 346, 377, 378, 380, 381, 382, 383, 384, 385, 386, 387, 388, 389, 390, 392, 395, 420], "summary": {"covered_lines": 74, "num_statements": 74, "percent_covered": 100.0, "percent_covered_display": "100", "missing_lines": 0, "excluded_lines": 0}, "missing_lines": [], "excluded_lines": []}}}, "src\\hqt\\data\\models\\symbol_spec.py": {"executed_lines": [1, 10, 11, 13, 16, 17, 27, 28, 29, 30, 33, 34, 45, 46, 47, 48, 49, 52, 53, 123, 130, 131, 134, 135, 136, 137, 140, 143, 144, 147, 148, 149, 152, 155, 156, 157, 160, 161, 162, 164, 181, 183, 209, 210, 213, 215, 217, 240, 241, 243, 267, 268, 269, 271, 278, 280, 282, 284, 286, 288, 295, 317, 319, 324, 325], "summary": {"covered_lines": 61, "num_statements": 94, "percent_covered": 64.8936170212766, "percent_covered_display": "65", "missing_lines": 33, "excluded_lines": 3}, "missing_lines": [376, 377, 378, 379, 380, 381, 382, 387, 388, 389, 391, 392, 393, 396, 397, 400, 404, 405, 406, 407, 408, 409, 410, 411, 412, 414, 417, 418, 419, 422, 423, 424, 426], "excluded_lines": [184, 218, 244], "functions": {"SymbolSpecification.normalize_price": {"executed_lines": [181], "summary": {"covered_lines": 1, "num_statements": 1, "percent_covered": 100.0, "percent_covered_display": "100", "missing_lines": 0, "excluded_lines": 0}, "missing_lines": [], "excluded_lines": []}, "SymbolSpecification.normalize_volume": {"executed_lines": [209, 210, 213, 215], "summary": {"covered_lines": 4, "num_statements": 4, "percent_covered": 100.0, "percent_covered_display": "100", "missing_lines": 0, "excluded_lines": 1}, "missing_lines": [], "excluded_lines": [184]}, "SymbolSpecification.calculate_margin": {"executed_lines": [240, 241], "summary": {"covered_lines": 2, "num_statements": 2, "percent_covered": 100.0, "percent_covered_display": "100", "missing_lines": 0, "excluded_lines": 1}, "missing_lines": [], "excluded_lines": [218]}, "SymbolSpecification.calculate_pip_value": {"executed_lines": [267, 268, 269], "summary": {"covered_lines": 3, "num_statements": 3, "percent_covered": 100.0, "percent_covered_display": "100", "missing_lines": 0, "excluded_lines": 1}, "missing_lines": [], "excluded_lines": [244]}, "SymbolSpecification.is_tradeable": {"executed_lines": [278], "summary": {"covered_lines": 1, "num_statements": 1, "percent_covered": 100.0, "percent_covered_display": "100", "missing_lines": 0, "excluded_lines": 0}, "missing_lines": [], "excluded_lines": []}, "SymbolSpecification.can_open_long": {"executed_lines": [282], "summary": {"covered_lines": 1, "num_statements": 1, "percent_covered": 100.0, "percent_covered_display": "100", "missing_lines": 0, "excluded_lines": 0}, "missing_lines": [], "excluded_lines": []}, "SymbolSpecification.can_open_short": {"executed_lines": [286], "summary": {"covered_lines": 1, "num_statements": 1, "percent_covered": 100.0, "percent_covered_display": "100", "missing_lines": 0, "excluded_lines": 0}, "missing_lines": [], "excluded_lines": []}, "SymbolSpecification.to_dict": {"executed_lines": [295], "summary": {"covered_lines": 1, "num_statements": 1, "percent_covered": 100.0, "percent_covered_display": "100", "missing_lines": 0, "excluded_lines": 0}, "missing_lines": [], "excluded_lines": []}, "SymbolSpecification.__repr__": {"executed_lines": [319], "summary": {"covered_lines": 1, "num_statements": 1, "percent_covered": 100.0, "percent_covered_display": "100", "missing_lines": 0, "excluded_lines": 0}, "missing_lines": [], "excluded_lines": []}, "SymbolSpecification.from_mt5": {"executed_lines": [], "summary": {"covered_lines": 0, "num_statements": 33, "percent_covered": 0.0, "percent_covered_display": "0", "missing_lines": 33, "excluded_lines": 0}, "missing_lines": [376, 377, 378, 379, 380, 381, 382, 387, 388, 389, 391, 392, 393, 396, 397, 400, 404, 405, 406, 407, 408, 409, 410, 411, 412, 414, 417, 418, 419, 422, 423, 424, 426], "excluded_lines": []}, "": {"executed_lines": [1, 10, 11, 13, 16, 17, 27, 28, 29, 30, 33, 34, 45, 46, 47, 48, 49, 52, 53, 123, 130, 131, 134, 135, 136, 137, 140, 143, 144, 147, 148, 149, 152, 155, 156, 157, 160, 161, 162, 164, 183, 217, 243, 271, 280, 284, 288, 317, 324, 325], "summary": {"covered_lines": 46, "num_statements": 46, "percent_covered": 100.0, "percent_covered_display": "100", "missing_lines": 0, "excluded_lines": 0}, "missing_lines": [], "excluded_lines": []}}, "classes": {"SwapType": {"executed_lines": [], "summary": {"covered_lines": 0, "num_statements": 0, "percent_covered": 100.0, "percent_covered_display": "100", "missing_lines": 0, "excluded_lines": 0}, "missing_lines": [], "excluded_lines": []}, "TradeMode": {"executed_lines": [], "summary": {"covered_lines": 0, "num_statements": 0, "percent_covered": 100.0, "percent_covered_display": "100", "missing_lines": 0, "excluded_lines": 0}, "missing_lines": [], "excluded_lines": []}, "SymbolSpecification": {"executed_lines": [181, 209, 210, 213, 215, 240, 241, 267, 268, 269, 278, 282, 286, 295, 319], "summary": {"covered_lines": 15, "num_statements": 48, "percent_covered": 31.25, "percent_covered_display": "31", "missing_lines": 33, "excluded_lines": 3}, "missing_lines": [376, 377, 378, 379, 380, 381, 382, 387, 388, 389, 391, 392, 393, 396, 397, 400, 404, 405, 406, 407, 408, 409, 410, 411, 412, 414, 417, 418, 419, 422, 423, 424, 426], "excluded_lines": [184, 218, 244]}, "": {"executed_lines": [1, 10, 11, 13, 16, 17, 27, 28, 29, 30, 33, 34, 45, 46, 47, 48, 49, 52, 53, 123, 130, 131, 134, 135, 136, 137, 140, 143, 144, 147, 148, 149, 152, 155, 156, 157, 160, 161, 162, 164, 183, 217, 243, 271, 280, 284, 288, 317, 324, 325], "summary": {"covered_lines": 46, "num_statements": 46, "percent_covered": 100.0, "percent_covered_display": "100", "missing_lines": 0, "excluded_lines": 0}, "missing_lines": [], "excluded_lines": []}}}, "src\\hqt\\data\\models\\tick.py": {"executed_lines": [1, 10, 11, 13, 16, 17, 57, 63, 64, 65, 66, 67, 68, 70, 71, 72, 75, 76, 77, 78, 79, 81, 82, 84, 86, 87, 89, 91, 92, 94, 96, 103, 113, 115, 120, 121, 193, 230, 231, 233, 235], "summary": {"covered_lines": 39, "num_statements": 55, "percent_covered": 70.9090909090909, "percent_covered_display": "71", "missing_lines": 16, "excluded_lines": 0}, "missing_lines": [157, 158, 159, 161, 164, 165, 167, 170, 171, 174, 175, 176, 178, 179, 181, 183], "excluded_lines": [], "functions": {"Tick.validate_ask_gte_bid": {"executed_lines": [75, 76, 77, 78, 79], "summary": {"covered_lines": 5, "num_statements": 5, "percent_covered": 100.0, "percent_covered_display": "100", "missing_lines": 0, "excluded_lines": 0}, "missing_lines": [], "excluded_lines": []}, "Tick.spread": {"executed_lines": [84], "summary": {"covered_lines": 1, "num_statements": 1, "percent_covered": 100.0, "percent_covered_display": "100", "missing_lines": 0, "excluded_lines": 0}, "missing_lines": [], "excluded_lines": []}, "Tick.mid_price": {"executed_lines": [89], "summary": {"covered_lines": 1, "num_statements": 1, "percent_covered": 100.0, "percent_covered_display": "100", "missing_lines": 0, "excluded_lines": 0}, "missing_lines": [], "excluded_lines": []}, "Tick.datetime": {"executed_lines": [94], "summary": {"covered_lines": 1, "num_statements": 1, "percent_covered": 100.0, "percent_covered_display": "100", "missing_lines": 0, "excluded_lines": 0}, "missing_lines": [], "excluded_lines": []}, "Tick.to_dict": {"executed_lines": [103], "summary": {"covered_lines": 1, "num_statements": 1, "percent_covered": 100.0, "percent_covered_display": "100", "missing_lines": 0, "excluded_lines": 0}, "missing_lines": [], "excluded_lines": []}, "Tick.__repr__": {"executed_lines": [115], "summary": {"covered_lines": 1, "num_statements": 1, "percent_covered": 100.0, "percent_covered_display": "100", "missing_lines": 0, "excluded_lines": 0}, "missing_lines": [], "excluded_lines": []}, "Tick.from_mt5": {"executed_lines": [], "summary": {"covered_lines": 0, "num_statements": 16, "percent_covered": 0.0, "percent_covered_display": "0", "missing_lines": 16, "excluded_lines": 0}, "missing_lines": [157, 158, 159, 161, 164, 165, 167, 170, 171, 174, 175, 176, 178, 179, 181, 183], "excluded_lines": []}, "create_tick": {"executed_lines": [230, 231, 233, 235], "summary": {"covered_lines": 4, "num_statements": 4, "percent_covered": 100.0, "percent_covered_display": "100", "missing_lines": 0, "excluded_lines": 0}, "missing_lines": [], "excluded_lines": []}, "": {"executed_lines": [1, 10, 11, 13, 16, 17, 57, 63, 64, 65, 66, 67, 68, 70, 71, 72, 81, 82, 86, 87, 91, 92, 96, 113, 120, 121, 193], "summary": {"covered_lines": 25, "num_statements": 25, "percent_covered": 100.0, "percent_covered_display": "100", "missing_lines": 0, "excluded_lines": 0}, "missing_lines": [], "excluded_lines": []}}, "classes": {"Tick": {"executed_lines": [75, 76, 77, 78, 79, 84, 89, 94, 103, 115], "summary": {"covered_lines": 10, "num_statements": 26, "percent_covered": 38.46153846153846, "percent_covered_display": "38", "missing_lines": 16, "excluded_lines": 0}, "missing_lines": [157, 158, 159, 161, 164, 165, 167, 170, 171, 174, 175, 176, 178, 179, 181, 183], "excluded_lines": []}, "": {"executed_lines": [1, 10, 11, 13, 16, 17, 57, 63, 64, 65, 66, 67, 68, 70, 71, 72, 81, 82, 86, 87, 91, 92, 96, 113, 120, 121, 193, 230, 231, 233, 235], "summary": {"covered_lines": 29, "num_statements": 29, "percent_covered": 100.0, "percent_covered_display": "100", "missing_lines": 0, "excluded_lines": 0}, "missing_lines": [], "excluded_lines": []}}}, "src\\hqt\\data\\providers\\__init__.py": {"executed_lines": [1, 11, 12, 13, 21, 22, 24, 29], "summary": {"covered_lines": 7, "num_statements": 10, "percent_covered": 70.0, "percent_covered_display": "70", "missing_lines": 3, "excluded_lines": 0}, "missing_lines": [25, 26, 27], "excluded_lines": [], "functions": {"": {"executed_lines": [1, 11, 12, 13, 21, 22, 24, 29], "summary": {"covered_lines": 7, "num_statements": 10, "percent_covered": 70.0, "percent_covered_display": "70", "missing_lines": 3, "excluded_lines": 0}, "missing_lines": [25, 26, 27], "excluded_lines": []}}, "classes": {"": {"executed_lines": [1, 11, 12, 13, 21, 22, 24, 29], "summary": {"covered_lines": 7, "num_statements": 10, "percent_covered": 70.0, "percent_covered_display": "70", "missing_lines": 3, "excluded_lines": 0}, "missing_lines": [25, 26, 27], "excluded_lines": []}}}, "src\\hqt\\data\\providers\\base.py": {"executed_lines": [1, 12, 13, 14, 16, 18, 21, 22, 63, 64, 115, 116, 161, 162, 182, 183, 205, 219, 221, 232, 234, 250, 252, 254, 256, 258, 259], "summary": {"covered_lines": 25, "num_statements": 29, "percent_covered": 86.20689655172414, "percent_covered_display": "86", "missing_lines": 4, "excluded_lines": 0}, "missing_lines": [113, 159, 180, 203], "excluded_lines": [], "functions": {"DataProvider.fetch_bars": {"executed_lines": [], "summary": {"covered_lines": 0, "num_statements": 1, "percent_covered": 0.0, "percent_covered_display": "0", "missing_lines": 1, "excluded_lines": 0}, "missing_lines": [113], "excluded_lines": []}, "DataProvider.fetch_ticks": {"executed_lines": [], "summary": {"covered_lines": 0, "num_statements": 1, "percent_covered": 0.0, "percent_covered_display": "0", "missing_lines": 1, "excluded_lines": 0}, "missing_lines": [159], "excluded_lines": []}, "DataProvider.get_available_symbols": {"executed_lines": [], "summary": {"covered_lines": 0, "num_statements": 1, "percent_covered": 0.0, "percent_covered_display": "0", "missing_lines": 1, "excluded_lines": 0}, "missing_lines": [180], "excluded_lines": []}, "DataProvider.get_available_timeframes": {"executed_lines": [], "summary": {"covered_lines": 0, "num_statements": 1, "percent_covered": 0.0, "percent_covered_display": "0", "missing_lines": 1, "excluded_lines": 0}, "missing_lines": [203], "excluded_lines": []}, "DataProvider.supports_incremental_download": {"executed_lines": [219], "summary": {"covered_lines": 1, "num_statements": 1, "percent_covered": 100.0, "percent_covered_display": "100", "missing_lines": 0, "excluded_lines": 0}, "missing_lines": [], "excluded_lines": []}, "DataProvider.get_provider_name": {"executed_lines": [232], "summary": {"covered_lines": 1, "num_statements": 1, "percent_covered": 100.0, "percent_covered_display": "100", "missing_lines": 0, "excluded_lines": 0}, "missing_lines": [], "excluded_lines": []}, "DataProvider.close": {"executed_lines": [250], "summary": {"covered_lines": 1, "num_statements": 1, "percent_covered": 100.0, "percent_covered_display": "100", "missing_lines": 0, "excluded_lines": 0}, "missing_lines": [], "excluded_lines": []}, "DataProvider.__enter__": {"executed_lines": [254], "summary": {"covered_lines": 1, "num_statements": 1, "percent_covered": 100.0, "percent_covered_display": "100", "missing_lines": 0, "excluded_lines": 0}, "missing_lines": [], "excluded_lines": []}, "DataProvider.__exit__": {"executed_lines": [258, 259], "summary": {"covered_lines": 2, "num_statements": 2, "percent_covered": 100.0, "percent_covered_display": "100", "missing_lines": 0, "excluded_lines": 0}, "missing_lines": [], "excluded_lines": []}, "": {"executed_lines": [1, 12, 13, 14, 16, 18, 21, 22, 63, 64, 115, 116, 161, 162, 182, 183, 205, 221, 234, 252, 256], "summary": {"covered_lines": 19, "num_statements": 19, "percent_covered": 100.0, "percent_covered_display": "100", "missing_lines": 0, "excluded_lines": 0}, "missing_lines": [], "excluded_lines": []}}, "classes": {"DataProvider": {"executed_lines": [219, 232, 250, 254, 258, 259], "summary": {"covered_lines": 6, "num_statements": 10, "percent_covered": 60.0, "percent_covered_display": "60", "missing_lines": 4, "excluded_lines": 0}, "missing_lines": [113, 159, 180, 203], "excluded_lines": []}, "": {"executed_lines": [1, 12, 13, 14, 16, 18, 21, 22, 63, 64, 115, 116, 161, 162, 182, 183, 205, 221, 234, 252, 256], "summary": {"covered_lines": 19, "num_statements": 19, "percent_covered": 100.0, "percent_covered_display": "100", "missing_lines": 0, "excluded_lines": 0}, "missing_lines": [], "excluded_lines": []}}}, "src\\hqt\\data\\providers\\dukascopy_provider.py": {"executed_lines": [1, 14, 15, 16, 17, 18, 19, 21, 22, 24, 25, 26, 27, 30, 31, 90, 94, 102, 113, 114, 115, 116, 120, 148, 153, 184, 185, 191, 193, 197, 198, 200, 206, 207, 209, 211, 212, 213, 214, 215, 217, 220, 221, 222, 223, 224, 227, 230, 231, 235, 238, 241, 242, 243, 245, 247, 259, 262, 263, 265, 268, 269, 270, 271, 272, 274, 276, 294, 301, 302, 303, 304, 305, 306, 307, 308, 317, 331, 332, 344, 345, 356, 358, 381, 382, 384, 385, 393, 394, 399, 400, 401, 402, 403, 405, 407, 408, 411, 413, 414, 415, 416, 417, 420, 424, 425, 427, 428, 429, 430, 431, 434, 444, 446, 457, 459, 473, 475, 477, 479, 481], "summary": {"covered_lines": 119, "num_statements": 128, "percent_covered": 92.96875, "percent_covered_display": "93", "missing_lines": 9, "excluded_lines": 0}, "missing_lines": [192, 194, 201, 226, 320, 333, 334, 346, 347], "excluded_lines": [], "functions": {"DukascopyProvider.__init__": {"executed_lines": [113, 114, 115, 116], "summary": {"covered_lines": 4, "num_statements": 4, "percent_covered": 100.0, "percent_covered_display": "100", "missing_lines": 0, "excluded_lines": 0}, "missing_lines": [], "excluded_lines": []}, "DukascopyProvider.fetch_bars": {"executed_lines": [148], "summary": {"covered_lines": 1, "num_statements": 1, "percent_covered": 100.0, "percent_covered_display": "100", "missing_lines": 0, "excluded_lines": 0}, "missing_lines": [], "excluded_lines": []}, "DukascopyProvider.fetch_ticks": {"executed_lines": [184, 185, 191, 193, 197, 198, 200, 206, 207, 209, 211, 212, 213, 214, 215, 217, 220, 221, 222, 223, 224, 227, 230, 231, 235, 238, 241, 242, 243, 245], "summary": {"covered_lines": 30, "num_statements": 34, "percent_covered": 88.23529411764706, "percent_covered_display": "88", "missing_lines": 4, "excluded_lines": 0}, "missing_lines": [192, 194, 201, 226], "excluded_lines": []}, "DukascopyProvider._generate_hour_list": {"executed_lines": [259, 262, 263, 265, 268, 269, 270, 271, 272, 274], "summary": {"covered_lines": 10, "num_statements": 10, "percent_covered": 100.0, "percent_covered_display": "100", "missing_lines": 0, "excluded_lines": 0}, "missing_lines": [], "excluded_lines": []}, "DukascopyProvider._fetch_hour": {"executed_lines": [294, 301, 302, 303, 304, 305, 306, 307, 308, 317, 331, 332, 344, 345, 356], "summary": {"covered_lines": 15, "num_statements": 20, "percent_covered": 75.0, "percent_covered_display": "75", "missing_lines": 5, "excluded_lines": 0}, "missing_lines": [320, 333, 334, 346, 347], "excluded_lines": []}, "DukascopyProvider._parse_bi5": {"executed_lines": [381, 382, 384, 385, 393, 394, 399, 400, 401, 402, 403, 405, 407, 408, 411, 413, 414, 415, 416, 417, 420, 424, 425, 427, 428, 429, 430, 431, 434, 444], "summary": {"covered_lines": 30, "num_statements": 30, "percent_covered": 100.0, "percent_covered_display": "100", "missing_lines": 0, "excluded_lines": 0}, "missing_lines": [], "excluded_lines": []}, "DukascopyProvider.get_available_symbols": {"executed_lines": [457], "summary": {"covered_lines": 1, "num_statements": 1, "percent_covered": 100.0, "percent_covered_display": "100", "missing_lines": 0, "excluded_lines": 0}, "missing_lines": [], "excluded_lines": []}, "DukascopyProvider.get_available_timeframes": {"executed_lines": [473], "summary": {"covered_lines": 1, "num_statements": 1, "percent_covered": 100.0, "percent_covered_display": "100", "missing_lines": 0, "excluded_lines": 0}, "missing_lines": [], "excluded_lines": []}, "DukascopyProvider.get_provider_name": {"executed_lines": [477], "summary": {"covered_lines": 1, "num_statements": 1, "percent_covered": 100.0, "percent_covered_display": "100", "missing_lines": 0, "excluded_lines": 0}, "missing_lines": [], "excluded_lines": []}, "DukascopyProvider.close": {"executed_lines": [481], "summary": {"covered_lines": 1, "num_statements": 1, "percent_covered": 100.0, "percent_covered_display": "100", "missing_lines": 0, "excluded_lines": 0}, "missing_lines": [], "excluded_lines": []}, "": {"executed_lines": [1, 14, 15, 16, 17, 18, 19, 21, 22, 24, 25, 26, 27, 30, 31, 90, 94, 102, 120, 153, 247, 276, 358, 446, 459, 475, 479], "summary": {"covered_lines": 25, "num_statements": 25, "percent_covered": 100.0, "percent_covered_display": "100", "missing_lines": 0, "excluded_lines": 0}, "missing_lines": [], "excluded_lines": []}}, "classes": {"DukascopyProvider": {"executed_lines": [113, 114, 115, 116, 148, 184, 185, 191, 193, 197, 198, 200, 206, 207, 209, 211, 212, 213, 214, 215, 217, 220, 221, 222, 223, 224, 227, 230, 231, 235, 238, 241, 242, 243, 245, 259, 262, 263, 265, 268, 269, 270, 271, 272, 274, 294, 301, 302, 303, 304, 305, 306, 307, 308, 317, 331, 332, 344, 345, 356, 381, 382, 384, 385, 393, 394, 399, 400, 401, 402, 403, 405, 407, 408, 411, 413, 414, 415, 416, 417, 420, 424, 425, 427, 428, 429, 430, 431, 434, 444, 457, 473, 477, 481], "summary": {"covered_lines": 94, "num_statements": 103, "percent_covered": 91.2621359223301, "percent_covered_display": "91", "missing_lines": 9, "excluded_lines": 0}, "missing_lines": [192, 194, 201, 226, 320, 333, 334, 346, 347], "excluded_lines": []}, "": {"executed_lines": [1, 14, 15, 16, 17, 18, 19, 21, 22, 24, 25, 26, 27, 30, 31, 90, 94, 102, 120, 153, 247, 276, 358, 446, 459, 475, 479], "summary": {"covered_lines": 25, "num_statements": 25, "percent_covered": 100.0, "percent_covered_display": "100", "missing_lines": 0, "excluded_lines": 0}, "missing_lines": [], "excluded_lines": []}}}, "src\\hqt\\data\\providers\\factory.py": {"executed_lines": [1, 10, 11, 12, 14, 15, 18, 21, 62, 63, 64, 65, 66, 68, 69, 70, 71, 72, 75, 77, 78, 81, 83, 85, 88, 127, 129, 130, 132, 134, 135, 137, 140, 146, 162, 187, 223, 234, 235, 236, 237, 244, 245, 252], "summary": {"covered_lines": 43, "num_statements": 51, "percent_covered": 84.31372549019608, "percent_covered_display": "84", "missing_lines": 8, "excluded_lines": 0}, "missing_lines": [225, 226, 227, 228, 229, 230, 231, 232], "excluded_lines": [], "functions": {"with_retry": {"executed_lines": [62, 63, 85], "summary": {"covered_lines": 3, "num_statements": 3, "percent_covered": 100.0, "percent_covered_display": "100", "missing_lines": 0, "excluded_lines": 0}, "missing_lines": [], "excluded_lines": []}, "with_retry.decorator": {"executed_lines": [64, 83], "summary": {"covered_lines": 2, "num_statements": 2, "percent_covered": 100.0, "percent_covered_display": "100", "missing_lines": 0, "excluded_lines": 0}, "missing_lines": [], "excluded_lines": []}, "with_retry.decorator.wrapper": {"executed_lines": [65, 66, 68, 69, 70, 71, 72, 75, 77, 78, 81], "summary": {"covered_lines": 11, "num_statements": 11, "percent_covered": 100.0, "percent_covered_display": "100", "missing_lines": 0, "excluded_lines": 0}, "missing_lines": [], "excluded_lines": []}, "get_provider": {"executed_lines": [127, 129, 130, 132, 134, 135, 137, 140], "summary": {"covered_lines": 8, "num_statements": 8, "percent_covered": 100.0, "percent_covered_display": "100", "missing_lines": 0, "excluded_lines": 0}, "missing_lines": [], "excluded_lines": []}, "get_available_providers": {"executed_lines": [162], "summary": {"covered_lines": 1, "num_statements": 1, "percent_covered": 100.0, "percent_covered_display": "100", "missing_lines": 0, "excluded_lines": 0}, "missing_lines": [], "excluded_lines": []}, "download_with_progress": {"executed_lines": [223, 234, 235, 236, 237, 244, 245, 252], "summary": {"covered_lines": 8, "num_statements": 8, "percent_covered": 100.0, "percent_covered_display": "100", "missing_lines": 0, "excluded_lines": 0}, "missing_lines": [], "excluded_lines": []}, "download_with_progress.progress_callback": {"executed_lines": [], "summary": {"covered_lines": 0, "num_statements": 8, "percent_covered": 0.0, "percent_covered_display": "0", "missing_lines": 8, "excluded_lines": 0}, "missing_lines": [225, 226, 227, 228, 229, 230, 231, 232], "excluded_lines": []}, "": {"executed_lines": [1, 10, 11, 12, 14, 15, 18, 21, 88, 146, 187], "summary": {"covered_lines": 10, "num_statements": 10, "percent_covered": 100.0, "percent_covered_display": "100", "missing_lines": 0, "excluded_lines": 0}, "missing_lines": [], "excluded_lines": []}}, "classes": {"": {"executed_lines": [1, 10, 11, 12, 14, 15, 18, 21, 62, 63, 64, 65, 66, 68, 69, 70, 71, 72, 75, 77, 78, 81, 83, 85, 88, 127, 129, 130, 132, 134, 135, 137, 140, 146, 162, 187, 223, 234, 235, 236, 237, 244, 245, 252], "summary": {"covered_lines": 43, "num_statements": 51, "percent_covered": 84.31372549019608, "percent_covered_display": "84", "missing_lines": 8, "excluded_lines": 0}, "missing_lines": [225, 226, 227, 228, 229, 230, 231, 232], "excluded_lines": []}}}, "src\\hqt\\data\\providers\\mt5_provider.py": {"executed_lines": [1, 14, 15, 16, 18, 20, 21, 22, 25, 26, 29, 30, 31, 34, 35, 97, 109, 127, 128, 133, 134, 135, 136, 137, 140, 142, 149, 150, 153, 154, 165, 166, 167, 176, 177, 178, 179, 180, 190, 192, 223, 226, 227, 231, 232, 233, 234, 239, 240, 251, 252, 255, 257, 261, 262, 264, 265, 267, 268, 279, 293, 297, 311, 312, 313, 315, 317, 346, 349, 350, 357, 369, 370, 373, 375, 379, 380, 382, 383, 385, 396, 401, 405, 416, 417, 418, 420, 422, 432, 434, 435, 436, 437, 444, 446, 464, 467, 468, 469, 470, 475, 477, 479, 481, 483, 484, 485], "summary": {"covered_lines": 105, "num_statements": 121, "percent_covered": 86.77685950413223, "percent_covered_display": "87", "missing_lines": 16, "excluded_lines": 0}, "missing_lines": [28, 155, 156, 228, 241, 242, 256, 258, 351, 352, 358, 359, 360, 374, 376, 386], "excluded_lines": [], "functions": {"MT5DataProvider.__init__": {"executed_lines": [127, 128, 133, 134, 135, 136, 137, 140], "summary": {"covered_lines": 8, "num_statements": 8, "percent_covered": 100.0, "percent_covered_display": "100", "missing_lines": 0, "excluded_lines": 0}, "missing_lines": [], "excluded_lines": []}, "MT5DataProvider._ensure_connected": {"executed_lines": [149, 150, 153, 154, 165, 166, 167, 176, 177, 178, 179, 180, 190], "summary": {"covered_lines": 13, "num_statements": 15, "percent_covered": 86.66666666666667, "percent_covered_display": "87", "missing_lines": 2, "excluded_lines": 0}, "missing_lines": [155, 156], "excluded_lines": []}, "MT5DataProvider.fetch_bars": {"executed_lines": [223, 226, 227, 231, 232, 233, 234, 239, 240, 251, 252, 255, 257, 261, 262, 264, 265, 267, 268, 279, 293, 297, 311, 312, 313, 315], "summary": {"covered_lines": 26, "num_statements": 31, "percent_covered": 83.87096774193549, "percent_covered_display": "84", "missing_lines": 5, "excluded_lines": 0}, "missing_lines": [228, 241, 242, 256, 258], "excluded_lines": []}, "MT5DataProvider.fetch_ticks": {"executed_lines": [346, 349, 350, 357, 369, 370, 373, 375, 379, 380, 382, 383, 385, 396, 401, 405, 416, 417, 418, 420], "summary": {"covered_lines": 20, "num_statements": 28, "percent_covered": 71.42857142857143, "percent_covered_display": "71", "missing_lines": 8, "excluded_lines": 0}, "missing_lines": [351, 352, 358, 359, 360, 374, 376, 386], "excluded_lines": []}, "MT5DataProvider.get_available_symbols": {"executed_lines": [432, 434, 435, 436, 437, 444], "summary": {"covered_lines": 6, "num_statements": 6, "percent_covered": 100.0, "percent_covered_display": "100", "missing_lines": 0, "excluded_lines": 0}, "missing_lines": [], "excluded_lines": []}, "MT5DataProvider.get_available_timeframes": {"executed_lines": [464, 467, 468, 469, 470, 475], "summary": {"covered_lines": 6, "num_statements": 6, "percent_covered": 100.0, "percent_covered_display": "100", "missing_lines": 0, "excluded_lines": 0}, "missing_lines": [], "excluded_lines": []}, "MT5DataProvider.get_provider_name": {"executed_lines": [479], "summary": {"covered_lines": 1, "num_statements": 1, "percent_covered": 100.0, "percent_covered_display": "100", "missing_lines": 0, "excluded_lines": 0}, "missing_lines": [], "excluded_lines": []}, "MT5DataProvider.close": {"executed_lines": [483, 484, 485], "summary": {"covered_lines": 3, "num_statements": 3, "percent_covered": 100.0, "percent_covered_display": "100", "missing_lines": 0, "excluded_lines": 0}, "missing_lines": [], "excluded_lines": []}, "": {"executed_lines": [1, 14, 15, 16, 18, 20, 21, 22, 25, 26, 29, 30, 31, 34, 35, 97, 109, 142, 192, 317, 422, 446, 477, 481], "summary": {"covered_lines": 22, "num_statements": 23, "percent_covered": 95.65217391304348, "percent_covered_display": "96", "missing_lines": 1, "excluded_lines": 0}, "missing_lines": [28], "excluded_lines": []}}, "classes": {"MT5DataProvider": {"executed_lines": [127, 128, 133, 134, 135, 136, 137, 140, 149, 150, 153, 154, 165, 166, 167, 176, 177, 178, 179, 180, 190, 223, 226, 227, 231, 232, 233, 234, 239, 240, 251, 252, 255, 257, 261, 262, 264, 265, 267, 268, 279, 293, 297, 311, 312, 313, 315, 346, 349, 350, 357, 369, 370, 373, 375, 379, 380, 382, 383, 385, 396, 401, 405, 416, 417, 418, 420, 432, 434, 435, 436, 437, 444, 464, 467, 468, 469, 470, 475, 479, 483, 484, 485], "summary": {"covered_lines": 83, "num_statements": 98, "percent_covered": 84.6938775510204, "percent_covered_display": "85", "missing_lines": 15, "excluded_lines": 0}, "missing_lines": [155, 156, 228, 241, 242, 256, 258, 351, 352, 358, 359, 360, 374, 376, 386], "excluded_lines": []}, "": {"executed_lines": [1, 14, 15, 16, 18, 20, 21, 22, 25, 26, 29, 30, 31, 34, 35, 97, 109, 142, 192, 317, 422, 446, 477, 481], "summary": {"covered_lines": 22, "num_statements": 23, "percent_covered": 95.65217391304348, "percent_covered_display": "96", "missing_lines": 1, "excluded_lines": 0}, "missing_lines": [28], "excluded_lines": []}}}, "src\\hqt\\data\\storage\\__init__.py": {"executed_lines": [1, 11, 12, 13, 14, 15, 17], "summary": {"covered_lines": 6, "num_statements": 6, "percent_covered": 100.0, "percent_covered_display": "100", "missing_lines": 0, "excluded_lines": 0}, "missing_lines": [], "excluded_lines": [], "functions": {"": {"executed_lines": [1, 11, 12, 13, 14, 15, 17], "summary": {"covered_lines": 6, "num_statements": 6, "percent_covered": 100.0, "percent_covered_display": "100", "missing_lines": 0, "excluded_lines": 0}, "missing_lines": [], "excluded_lines": []}}, "classes": {"": {"executed_lines": [1, 11, 12, 13, 14, 15, 17], "summary": {"covered_lines": 6, "num_statements": 6, "percent_covered": 100.0, "percent_covered_display": "100", "missing_lines": 0, "excluded_lines": 0}, "missing_lines": [], "excluded_lines": []}}}, "src\\hqt\\data\\storage\\base.py": {"executed_lines": [1, 11, 12, 13, 14, 16, 18, 21, 22, 66, 67, 96, 97, 123, 124, 157, 158, 185, 186, 195, 196, 208, 209, 237, 238, 263, 264, 291, 298, 300, 302, 304, 306, 307], "summary": {"covered_lines": 32, "num_statements": 41, "percent_covered": 78.04878048780488, "percent_covered_display": "78", "missing_lines": 9, "excluded_lines": 0}, "missing_lines": [94, 121, 155, 183, 193, 206, 235, 261, 289], "excluded_lines": [], "functions": {"DataStore.write_bars": {"executed_lines": [], "summary": {"covered_lines": 0, "num_statements": 1, "percent_covered": 0.0, "percent_covered_display": "0", "missing_lines": 1, "excluded_lines": 0}, "missing_lines": [94], "excluded_lines": []}, "DataStore.write_ticks": {"executed_lines": [], "summary": {"covered_lines": 0, "num_statements": 1, "percent_covered": 0.0, "percent_covered_display": "0", "missing_lines": 1, "excluded_lines": 0}, "missing_lines": [121], "excluded_lines": []}, "DataStore.read_bars": {"executed_lines": [], "summary": {"covered_lines": 0, "num_statements": 1, "percent_covered": 0.0, "percent_covered_display": "0", "missing_lines": 1, "excluded_lines": 0}, "missing_lines": [155], "excluded_lines": []}, "DataStore.read_ticks": {"executed_lines": [], "summary": {"covered_lines": 0, "num_statements": 1, "percent_covered": 0.0, "percent_covered_display": "0", "missing_lines": 1, "excluded_lines": 0}, "missing_lines": [183], "excluded_lines": []}, "DataStore.list_symbols": {"executed_lines": [], "summary": {"covered_lines": 0, "num_statements": 1, "percent_covered": 0.0, "percent_covered_display": "0", "missing_lines": 1, "excluded_lines": 0}, "missing_lines": [193], "excluded_lines": []}, "DataStore.list_timeframes": {"executed_lines": [], "summary": {"covered_lines": 0, "num_statements": 1, "percent_covered": 0.0, "percent_covered_display": "0", "missing_lines": 1, "excluded_lines": 0}, "missing_lines": [206], "excluded_lines": []}, "DataStore.list_partitions": {"executed_lines": [], "summary": {"covered_lines": 0, "num_statements": 1, "percent_covered": 0.0, "percent_covered_display": "0", "missing_lines": 1, "excluded_lines": 0}, "missing_lines": [235], "excluded_lines": []}, "DataStore.delete_data": {"executed_lines": [], "summary": {"covered_lines": 0, "num_statements": 1, "percent_covered": 0.0, "percent_covered_display": "0", "missing_lines": 1, "excluded_lines": 0}, "missing_lines": [261], "excluded_lines": []}, "DataStore.get_file_info": {"executed_lines": [], "summary": {"covered_lines": 0, "num_statements": 1, "percent_covered": 0.0, "percent_covered_display": "0", "missing_lines": 1, "excluded_lines": 0}, "missing_lines": [289], "excluded_lines": []}, "DataStore.close": {"executed_lines": [298], "summary": {"covered_lines": 1, "num_statements": 1, "percent_covered": 100.0, "percent_covered_display": "100", "missing_lines": 0, "excluded_lines": 0}, "missing_lines": [], "excluded_lines": []}, "DataStore.__enter__": {"executed_lines": [302], "summary": {"covered_lines": 1, "num_statements": 1, "percent_covered": 100.0, "percent_covered_display": "100", "missing_lines": 0, "excluded_lines": 0}, "missing_lines": [], "excluded_lines": []}, "DataStore.__exit__": {"executed_lines": [306, 307], "summary": {"covered_lines": 2, "num_statements": 2, "percent_covered": 100.0, "percent_covered_display": "100", "missing_lines": 0, "excluded_lines": 0}, "missing_lines": [], "excluded_lines": []}, "": {"executed_lines": [1, 11, 12, 13, 14, 16, 18, 21, 22, 66, 67, 96, 97, 123, 124, 157, 158, 185, 186, 195, 196, 208, 209, 237, 238, 263, 264, 291, 300, 304], "summary": {"covered_lines": 28, "num_statements": 28, "percent_covered": 100.0, "percent_covered_display": "100", "missing_lines": 0, "excluded_lines": 0}, "missing_lines": [], "excluded_lines": []}}, "classes": {"DataStore": {"executed_lines": [298, 302, 306, 307], "summary": {"covered_lines": 4, "num_statements": 13, "percent_covered": 30.76923076923077, "percent_covered_display": "31", "missing_lines": 9, "excluded_lines": 0}, "missing_lines": [94, 121, 155, 183, 193, 206, 235, 261, 289], "excluded_lines": []}, "": {"executed_lines": [1, 11, 12, 13, 14, 16, 18, 21, 22, 66, 67, 96, 97, 123, 124, 157, 158, 185, 186, 195, 196, 208, 209, 237, 238, 263, 264, 291, 300, 304], "summary": {"covered_lines": 28, "num_statements": 28, "percent_covered": 100.0, "percent_covered_display": "100", "missing_lines": 0, "excluded_lines": 0}, "missing_lines": [], "excluded_lines": []}}}, "src\\hqt\\data\\storage\\catalog.py": {"executed_lines": [1, 11, 12, 13, 14, 16, 19, 20, 91, 101, 102, 104, 106, 108, 109, 131, 134, 138, 143, 145, 181, 182, 183, 186, 187, 188, 189, 191, 193, 196, 198, 200, 225, 226, 229, 255, 256, 258, 298, 299, 301, 302, 303, 305, 306, 307, 309, 310, 311, 312, 314, 315, 316, 317, 319, 323, 325, 326, 327, 328, 330, 350, 352, 353, 354, 361, 363, 364, 368, 370, 390, 391, 393, 400, 401, 404, 406, 416, 417, 425, 426, 427, 428, 430, 431, 433, 448, 450, 451, 459, 461, 481, 483, 484, 491, 492, 494, 507, 509, 510, 513, 514, 517, 518, 521, 522, 525, 532, 535, 543, 545, 554, 556, 558, 560, 562, 564, 565], "summary": {"covered_lines": 116, "num_statements": 118, "percent_covered": 98.30508474576271, "percent_covered_display": "98", "missing_lines": 2, "excluded_lines": 0}, "missing_lines": [320, 321], "excluded_lines": [], "functions": {"DataCatalog.__init__": {"executed_lines": [101, 102, 104], "summary": {"covered_lines": 3, "num_statements": 3, "percent_covered": 100.0, "percent_covered_display": "100", "missing_lines": 0, "excluded_lines": 0}, "missing_lines": [], "excluded_lines": []}, "DataCatalog._init_database": {"executed_lines": [108, 109, 131, 134, 138, 143], "summary": {"covered_lines": 6, "num_statements": 6, "percent_covered": 100.0, "percent_covered_display": "100", "missing_lines": 0, "excluded_lines": 0}, "missing_lines": [], "excluded_lines": []}, "DataCatalog.register_file": {"executed_lines": [181, 182, 183, 186, 187, 188, 189, 191, 193, 196, 198, 200, 225, 226, 229, 255, 256], "summary": {"covered_lines": 17, "num_statements": 17, "percent_covered": 100.0, "percent_covered_display": "100", "missing_lines": 0, "excluded_lines": 0}, "missing_lines": [], "excluded_lines": []}, "DataCatalog.query_available": {"executed_lines": [298, 299, 301, 302, 303, 305, 306, 307, 309, 310, 311, 312, 314, 315, 316, 317, 319, 323, 325, 326, 327, 328], "summary": {"covered_lines": 22, "num_statements": 24, "percent_covered": 91.66666666666667, "percent_covered_display": "92", "missing_lines": 2, "excluded_lines": 0}, "missing_lines": [320, 321], "excluded_lines": []}, "DataCatalog.get_metadata": {"executed_lines": [350, 352, 353, 354, 361, 363, 364, 368], "summary": {"covered_lines": 8, "num_statements": 8, "percent_covered": 100.0, "percent_covered_display": "100", "missing_lines": 0, "excluded_lines": 0}, "missing_lines": [], "excluded_lines": []}, "DataCatalog.get_file_path": {"executed_lines": [390, 391], "summary": {"covered_lines": 2, "num_statements": 2, "percent_covered": 100.0, "percent_covered_display": "100", "missing_lines": 0, "excluded_lines": 0}, "missing_lines": [], "excluded_lines": []}, "DataCatalog.list_symbols": {"executed_lines": [400, 401, 404], "summary": {"covered_lines": 3, "num_statements": 3, "percent_covered": 100.0, "percent_covered_display": "100", "missing_lines": 0, "excluded_lines": 0}, "missing_lines": [], "excluded_lines": []}, "DataCatalog.list_timeframes": {"executed_lines": [416, 417, 425, 426, 427, 428, 430, 431], "summary": {"covered_lines": 8, "num_statements": 8, "percent_covered": 100.0, "percent_covered_display": "100", "missing_lines": 0, "excluded_lines": 0}, "missing_lines": [], "excluded_lines": []}, "DataCatalog.list_partitions": {"executed_lines": [448, 450, 451, 459], "summary": {"covered_lines": 4, "num_statements": 4, "percent_covered": 100.0, "percent_covered_display": "100", "missing_lines": 0, "excluded_lines": 0}, "missing_lines": [], "excluded_lines": []}, "DataCatalog.delete_entry": {"executed_lines": [481, 483, 484, 491, 492], "summary": {"covered_lines": 5, "num_statements": 5, "percent_covered": 100.0, "percent_covered_display": "100", "missing_lines": 0, "excluded_lines": 0}, "missing_lines": [], "excluded_lines": []}, "DataCatalog.get_stats": {"executed_lines": [507, 509, 510, 513, 514, 517, 518, 521, 522, 525, 532, 535, 543, 545], "summary": {"covered_lines": 14, "num_statements": 14, "percent_covered": 100.0, "percent_covered_display": "100", "missing_lines": 0, "excluded_lines": 0}, "missing_lines": [], "excluded_lines": []}, "DataCatalog.close": {"executed_lines": [556], "summary": {"covered_lines": 1, "num_statements": 1, "percent_covered": 100.0, "percent_covered_display": "100", "missing_lines": 0, "excluded_lines": 0}, "missing_lines": [], "excluded_lines": []}, "DataCatalog.__enter__": {"executed_lines": [560], "summary": {"covered_lines": 1, "num_statements": 1, "percent_covered": 100.0, "percent_covered_display": "100", "missing_lines": 0, "excluded_lines": 0}, "missing_lines": [], "excluded_lines": []}, "DataCatalog.__exit__": {"executed_lines": [564, 565], "summary": {"covered_lines": 2, "num_statements": 2, "percent_covered": 100.0, "percent_covered_display": "100", "missing_lines": 0, "excluded_lines": 0}, "missing_lines": [], "excluded_lines": []}, "": {"executed_lines": [1, 11, 12, 13, 14, 16, 19, 20, 91, 106, 145, 258, 330, 370, 393, 406, 433, 461, 494, 554, 558, 562], "summary": {"covered_lines": 20, "num_statements": 20, "percent_covered": 100.0, "percent_covered_display": "100", "missing_lines": 0, "excluded_lines": 0}, "missing_lines": [], "excluded_lines": []}}, "classes": {"DataCatalog": {"executed_lines": [101, 102, 104, 108, 109, 131, 134, 138, 143, 181, 182, 183, 186, 187, 188, 189, 191, 193, 196, 198, 200, 225, 226, 229, 255, 256, 298, 299, 301, 302, 303, 305, 306, 307, 309, 310, 311, 312, 314, 315, 316, 317, 319, 323, 325, 326, 327, 328, 350, 352, 353, 354, 361, 363, 364, 368, 390, 391, 400, 401, 404, 416, 417, 425, 426, 427, 428, 430, 431, 448, 450, 451, 459, 481, 483, 484, 491, 492, 507, 509, 510, 513, 514, 517, 518, 521, 522, 525, 532, 535, 543, 545, 556, 560, 564, 565], "summary": {"covered_lines": 96, "num_statements": 98, "percent_covered": 97.95918367346938, "percent_covered_display": "98", "missing_lines": 2, "excluded_lines": 0}, "missing_lines": [320, 321], "excluded_lines": []}, "": {"executed_lines": [1, 11, 12, 13, 14, 16, 19, 20, 91, 106, 145, 258, 330, 370, 393, 406, 433, 461, 494, 554, 558, 562], "summary": {"covered_lines": 20, "num_statements": 20, "percent_covered": 100.0, "percent_covered_display": "100", "missing_lines": 0, "excluded_lines": 0}, "missing_lines": [], "excluded_lines": []}}}, "src\\hqt\\data\\storage\\hdf5_store.py": {"executed_lines": [1, 11, 12, 13, 15, 16, 17, 19, 20, 21, 24, 25, 83, 86, 88, 95, 96, 98, 107, 117, 118, 121, 125, 126, 129, 130, 134, 137, 150, 151, 152, 153, 154, 155, 156, 157, 158, 161, 162, 164, 165, 173, 174, 175, 176, 187, 189, 197, 198, 199, 202, 206, 207, 210, 211, 215, 218, 228, 229, 230, 231, 232, 233, 236, 237, 239, 240, 248, 249, 250, 260, 262, 272, 274, 280, 283, 285, 289, 290, 291, 292, 293, 294, 297, 300, 301, 302, 303, 304, 305, 307, 308, 317, 332, 335, 336, 339, 340, 343, 345, 347, 356, 358, 362, 365, 367, 371, 372, 373, 374, 375, 376, 379, 382, 385, 389, 390, 399, 411, 414, 415, 418, 422, 424, 426, 428, 431, 432, 433, 434, 436, 438, 440, 442, 445, 446, 447, 448, 449, 450, 454, 456, 462, 463, 467, 470, 471, 472, 473, 474, 476, 478, 485, 486, 490, 493, 495, 496, 497, 498, 499, 509, 511, 518, 519, 520, 525, 526, 530, 534, 535, 536, 539, 540, 541, 543, 545], "summary": {"covered_lines": 175, "num_statements": 221, "percent_covered": 79.18552036199095, "percent_covered_display": "79", "missing_lines": 46, "excluded_lines": 0}, "missing_lines": [119, 122, 132, 177, 178, 200, 203, 213, 251, 252, 275, 281, 286, 309, 310, 319, 329, 359, 363, 368, 383, 384, 386, 387, 391, 392, 401, 408, 419, 429, 443, 451, 452, 465, 468, 488, 491, 501, 502, 503, 506, 507, 522, 523, 528, 531], "excluded_lines": [], "functions": {"HDF5Store.__init__": {"executed_lines": [95, 96], "summary": {"covered_lines": 2, "num_statements": 2, "percent_covered": 100.0, "percent_covered_display": "100", "missing_lines": 0, "excluded_lines": 0}, "missing_lines": [], "excluded_lines": []}, "HDF5Store.write_bars": {"executed_lines": [107, 117, 118, 121, 125, 126, 129, 130, 134, 137, 150, 151, 152, 153, 154, 155, 156, 157, 158, 161, 162, 164, 165, 173, 174, 175, 176, 187], "summary": {"covered_lines": 28, "num_statements": 33, "percent_covered": 84.84848484848484, "percent_covered_display": "85", "missing_lines": 5, "excluded_lines": 0}, "missing_lines": [119, 122, 132, 177, 178], "excluded_lines": []}, "HDF5Store.write_ticks": {"executed_lines": [197, 198, 199, 202, 206, 207, 210, 211, 215, 218, 228, 229, 230, 231, 232, 233, 236, 237, 239, 240, 248, 249, 250, 260], "summary": {"covered_lines": 24, "num_statements": 29, "percent_covered": 82.75862068965517, "percent_covered_display": "83", "missing_lines": 5, "excluded_lines": 0}, "missing_lines": [200, 203, 213, 251, 252], "excluded_lines": []}, "HDF5Store.read_bars": {"executed_lines": [272, 274, 280, 283, 285, 289, 290, 291, 292, 293, 294, 297, 300, 301, 302, 303, 304, 305, 307, 308, 317, 332, 335, 336, 339, 340, 343, 345], "summary": {"covered_lines": 28, "num_statements": 35, "percent_covered": 80.0, "percent_covered_display": "80", "missing_lines": 7, "excluded_lines": 0}, "missing_lines": [275, 281, 286, 309, 310, 319, 329], "excluded_lines": []}, "HDF5Store.read_ticks": {"executed_lines": [356, 358, 362, 365, 367, 371, 372, 373, 374, 375, 376, 379, 382, 385, 389, 390, 399, 411, 414, 415, 418, 422, 424], "summary": {"covered_lines": 23, "num_statements": 35, "percent_covered": 65.71428571428571, "percent_covered_display": "66", "missing_lines": 12, "excluded_lines": 0}, "missing_lines": [359, 363, 368, 383, 384, 386, 387, 391, 392, 401, 408, 419], "excluded_lines": []}, "HDF5Store.list_symbols": {"executed_lines": [428, 431, 432, 433, 434, 436], "summary": {"covered_lines": 6, "num_statements": 7, "percent_covered": 85.71428571428571, "percent_covered_display": "86", "missing_lines": 1, "excluded_lines": 0}, "missing_lines": [429], "excluded_lines": []}, "HDF5Store.list_timeframes": {"executed_lines": [440, 442, 445, 446, 447, 448, 449, 450, 454], "summary": {"covered_lines": 9, "num_statements": 12, "percent_covered": 75.0, "percent_covered_display": "75", "missing_lines": 3, "excluded_lines": 0}, "missing_lines": [443, 451, 452], "excluded_lines": []}, "HDF5Store.list_partitions": {"executed_lines": [462, 463, 467, 470, 471, 472, 473, 474, 476], "summary": {"covered_lines": 9, "num_statements": 11, "percent_covered": 81.81818181818181, "percent_covered_display": "82", "missing_lines": 2, "excluded_lines": 0}, "missing_lines": [465, 468], "excluded_lines": []}, "HDF5Store.delete_data": {"executed_lines": [485, 486, 490, 493, 495, 496, 497, 498, 499, 509], "summary": {"covered_lines": 10, "num_statements": 17, "percent_covered": 58.8235294117647, "percent_covered_display": "59", "missing_lines": 7, "excluded_lines": 0}, "missing_lines": [488, 491, 501, 502, 503, 506, 507], "excluded_lines": []}, "HDF5Store.get_file_info": {"executed_lines": [518, 519, 520, 525, 526, 530, 534, 535, 536, 539, 540, 541, 543, 545], "summary": {"covered_lines": 14, "num_statements": 18, "percent_covered": 77.77777777777777, "percent_covered_display": "78", "missing_lines": 4, "excluded_lines": 0}, "missing_lines": [522, 523, 528, 531], "excluded_lines": []}, "": {"executed_lines": [1, 11, 12, 13, 15, 16, 17, 19, 20, 21, 24, 25, 83, 86, 88, 98, 189, 262, 347, 426, 438, 456, 478, 511], "summary": {"covered_lines": 22, "num_statements": 22, "percent_covered": 100.0, "percent_covered_display": "100", "missing_lines": 0, "excluded_lines": 0}, "missing_lines": [], "excluded_lines": []}}, "classes": {"HDF5Store": {"executed_lines": [95, 96, 107, 117, 118, 121, 125, 126, 129, 130, 134, 137, 150, 151, 152, 153, 154, 155, 156, 157, 158, 161, 162, 164, 165, 173, 174, 175, 176, 187, 197, 198, 199, 202, 206, 207, 210, 211, 215, 218, 228, 229, 230, 231, 232, 233, 236, 237, 239, 240, 248, 249, 250, 260, 272, 274, 280, 283, 285, 289, 290, 291, 292, 293, 294, 297, 300, 301, 302, 303, 304, 305, 307, 308, 317, 332, 335, 336, 339, 340, 343, 345, 356, 358, 362, 365, 367, 371, 372, 373, 374, 375, 376, 379, 382, 385, 389, 390, 399, 411, 414, 415, 418, 422, 424, 428, 431, 432, 433, 434, 436, 440, 442, 445, 446, 447, 448, 449, 450, 454, 462, 463, 467, 470, 471, 472, 473, 474, 476, 485, 486, 490, 493, 495, 496, 497, 498, 499, 509, 518, 519, 520, 525, 526, 530, 534, 535, 536, 539, 540, 541, 543, 545], "summary": {"covered_lines": 153, "num_statements": 199, "percent_covered": 76.88442211055276, "percent_covered_display": "77", "missing_lines": 46, "excluded_lines": 0}, "missing_lines": [119, 122, 132, 177, 178, 200, 203, 213, 251, 252, 275, 281, 286, 309, 310, 319, 329, 359, 363, 368, 383, 384, 386, 387, 391, 392, 401, 408, 419, 429, 443, 451, 452, 465, 468, 488, 491, 501, 502, 503, 506, 507, 522, 523, 528, 531], "excluded_lines": []}, "": {"executed_lines": [1, 11, 12, 13, 15, 16, 17, 19, 20, 21, 24, 25, 83, 86, 88, 98, 189, 262, 347, 426, 438, 456, 478, 511], "summary": {"covered_lines": 22, "num_statements": 22, "percent_covered": 100.0, "percent_covered_display": "100", "missing_lines": 0, "excluded_lines": 0}, "missing_lines": [], "excluded_lines": []}}}, "src\\hqt\\data\\storage\\manager.py": {"executed_lines": [1, 11, 12, 13, 14, 16, 18, 19, 20, 21, 22, 23, 25, 28, 29, 57, 58, 69, 71, 72, 74, 75, 77, 80, 82, 83, 99, 101, 102, 103, 104, 106, 107, 109, 110, 111, 112, 113, 114, 115, 120, 121, 181, 195, 196, 197, 200, 202, 245, 251, 252, 260, 267, 268, 269, 276, 279, 280, 306, 309, 310, 311, 314, 315, 322, 329, 332, 333, 336, 339, 341, 354, 355, 357, 364, 380, 383, 384, 389, 391, 393, 404, 405, 406, 407, 411, 413, 444, 447, 448, 454, 457, 458, 460, 463, 466, 467, 474, 475, 476, 478, 480, 492, 497, 504, 525, 527, 546, 548, 566, 569, 574, 575, 576, 577, 578, 580, 585, 590, 597], "summary": {"covered_lines": 117, "num_statements": 130, "percent_covered": 90.0, "percent_covered_display": "90", "missing_lines": 13, "excluded_lines": 0}, "missing_lines": [117, 281, 282, 283, 287, 291, 292, 300, 409, 452, 471, 570, 571], "excluded_lines": [], "functions": {"PartitionStrategy.get_partition": {"executed_lines": [69, 71, 72, 74, 75, 77, 80], "summary": {"covered_lines": 7, "num_statements": 7, "percent_covered": 100.0, "percent_covered_display": "100", "missing_lines": 0, "excluded_lines": 0}, "missing_lines": [], "excluded_lines": []}, "PartitionStrategy.parse_partition_range": {"executed_lines": [99, 101, 102, 103, 104, 106, 107, 109, 110, 111, 112, 113, 114, 115], "summary": {"covered_lines": 14, "num_statements": 15, "percent_covered": 93.33333333333333, "percent_covered_display": "93", "missing_lines": 1, "excluded_lines": 0}, "missing_lines": [117], "excluded_lines": []}, "StorageManager.__init__": {"executed_lines": [195, 196, 197, 200], "summary": {"covered_lines": 4, "num_statements": 4, "percent_covered": 100.0, "percent_covered_display": "100", "missing_lines": 0, "excluded_lines": 0}, "missing_lines": [], "excluded_lines": []}, "StorageManager.download_and_store": {"executed_lines": [245, 251, 252, 260, 267, 268, 269, 276, 279, 280, 306, 309, 310, 311, 314, 315, 322, 329, 332, 333, 336, 339, 341, 354, 355, 357], "summary": {"covered_lines": 26, "num_statements": 33, "percent_covered": 78.78787878787878, "percent_covered_display": "79", "missing_lines": 7, "excluded_lines": 0}, "missing_lines": [281, 282, 283, 287, 291, 292, 300], "excluded_lines": []}, "StorageManager._partition_data": {"executed_lines": [380, 383, 384, 389, 391], "summary": {"covered_lines": 5, "num_statements": 5, "percent_covered": 100.0, "percent_covered_display": "100", "missing_lines": 0, "excluded_lines": 0}, "missing_lines": [], "excluded_lines": []}, "StorageManager._compute_hash": {"executed_lines": [404, 405, 406, 407, 411], "summary": {"covered_lines": 5, "num_statements": 6, "percent_covered": 83.33333333333333, "percent_covered_display": "83", "missing_lines": 1, "excluded_lines": 0}, "missing_lines": [409], "excluded_lines": []}, "StorageManager.compact": {"executed_lines": [444, 447, 448, 454, 457, 458, 460, 463, 466, 467, 474, 475, 476, 478, 480, 492, 497], "summary": {"covered_lines": 17, "num_statements": 19, "percent_covered": 89.47368421052632, "percent_covered_display": "89", "missing_lines": 2, "excluded_lines": 0}, "missing_lines": [452, 471], "excluded_lines": []}, "StorageManager.read_bars": {"executed_lines": [525], "summary": {"covered_lines": 1, "num_statements": 1, "percent_covered": 100.0, "percent_covered_display": "100", "missing_lines": 0, "excluded_lines": 0}, "missing_lines": [], "excluded_lines": []}, "StorageManager.read_ticks": {"executed_lines": [546], "summary": {"covered_lines": 1, "num_statements": 1, "percent_covered": 100.0, "percent_covered_display": "100", "missing_lines": 0, "excluded_lines": 0}, "missing_lines": [], "excluded_lines": []}, "StorageManager.delete": {"executed_lines": [566, 569, 574, 575, 576, 577, 578, 580, 585], "summary": {"covered_lines": 9, "num_statements": 11, "percent_covered": 81.81818181818181, "percent_covered_display": "82", "missing_lines": 2, "excluded_lines": 0}, "missing_lines": [570, 571], "excluded_lines": []}, "StorageManager.get_stats": {"executed_lines": [597], "summary": {"covered_lines": 1, "num_statements": 1, "percent_covered": 100.0, "percent_covered_display": "100", "missing_lines": 0, "excluded_lines": 0}, "missing_lines": [], "excluded_lines": []}, "": {"executed_lines": [1, 11, 12, 13, 14, 16, 18, 19, 20, 21, 22, 23, 25, 28, 29, 57, 58, 82, 83, 120, 121, 181, 202, 364, 393, 413, 504, 527, 548, 590], "summary": {"covered_lines": 27, "num_statements": 27, "percent_covered": 100.0, "percent_covered_display": "100", "missing_lines": 0, "excluded_lines": 0}, "missing_lines": [], "excluded_lines": []}}, "classes": {"PartitionStrategy": {"executed_lines": [69, 71, 72, 74, 75, 77, 80, 99, 101, 102, 103, 104, 106, 107, 109, 110, 111, 112, 113, 114, 115], "summary": {"covered_lines": 21, "num_statements": 22, "percent_covered": 95.45454545454545, "percent_covered_display": "95", "missing_lines": 1, "excluded_lines": 0}, "missing_lines": [117], "excluded_lines": []}, "StorageManager": {"executed_lines": [195, 196, 197, 200, 245, 251, 252, 260, 267, 268, 269, 276, 279, 280, 306, 309, 310, 311, 314, 315, 322, 329, 332, 333, 336, 339, 341, 354, 355, 357, 380, 383, 384, 389, 391, 404, 405, 406, 407, 411, 444, 447, 448, 454, 457, 458, 460, 463, 466, 467, 474, 475, 476, 478, 480, 492, 497, 525, 546, 566, 569, 574, 575, 576, 577, 578, 580, 585, 597], "summary": {"covered_lines": 69, "num_statements": 81, "percent_covered": 85.18518518518519, "percent_covered_display": "85", "missing_lines": 12, "excluded_lines": 0}, "missing_lines": [281, 282, 283, 287, 291, 292, 300, 409, 452, 471, 570, 571], "excluded_lines": []}, "": {"executed_lines": [1, 11, 12, 13, 14, 16, 18, 19, 20, 21, 22, 23, 25, 28, 29, 57, 58, 82, 83, 120, 121, 181, 202, 364, 393, 413, 504, 527, 548, 590], "summary": {"covered_lines": 27, "num_statements": 27, "percent_covered": 100.0, "percent_covered_display": "100", "missing_lines": 0, "excluded_lines": 0}, "missing_lines": [], "excluded_lines": []}}}, "src\\hqt\\data\\storage\\parquet_store.py": {"executed_lines": [1, 12, 13, 14, 16, 17, 18, 20, 21, 22, 25, 26, 103, 105, 115, 116, 118, 142, 152, 153, 154, 156, 157, 160, 161, 164, 165, 169, 172, 173, 174, 177, 202, 205, 206, 223, 225, 247, 248, 249, 252, 256, 257, 260, 261, 265, 268, 269, 270, 273, 291, 294, 295, 311, 313, 339, 341, 342, 347, 348, 350, 352, 358, 359, 360, 361, 362, 363, 364, 367, 368, 369, 370, 375, 376, 385, 387, 397, 400, 403, 404, 405, 408, 410, 412, 436, 438, 442, 443, 445, 447, 453, 454, 457, 462, 463, 464, 465, 470, 471, 480, 492, 495, 496, 497, 500, 502, 504, 506, 509, 510, 511, 512, 514, 516, 518, 520, 523, 524, 525, 526, 527, 528, 532, 534, 540, 541, 545, 548, 549, 551, 552, 553, 555, 557, 564, 565, 569, 572, 574, 576, 577, 578, 579, 582, 583, 584, 587, 588, 590, 592, 599, 600, 604, 605, 609, 613, 614, 617, 618, 619, 620, 622], "summary": {"covered_lines": 161, "num_statements": 193, "percent_covered": 83.41968911917098, "percent_covered_display": "83", "missing_lines": 32, "excluded_lines": 0}, "missing_lines": [167, 213, 214, 250, 253, 263, 302, 303, 353, 377, 378, 439, 448, 455, 456, 458, 459, 472, 473, 482, 489, 507, 521, 529, 530, 543, 546, 567, 570, 602, 607, 610], "excluded_lines": [], "functions": {"ParquetStore.__init__": {"executed_lines": [115, 116], "summary": {"covered_lines": 2, "num_statements": 2, "percent_covered": 100.0, "percent_covered_display": "100", "missing_lines": 0, "excluded_lines": 0}, "missing_lines": [], "excluded_lines": []}, "ParquetStore.write_bars": {"executed_lines": [142, 152, 153, 154, 156, 157, 160, 161, 164, 165, 169, 172, 173, 174, 177, 202, 205, 206, 223], "summary": {"covered_lines": 19, "num_statements": 22, "percent_covered": 86.36363636363636, "percent_covered_display": "86", "missing_lines": 3, "excluded_lines": 0}, "missing_lines": [167, 213, 214], "excluded_lines": []}, "ParquetStore.write_ticks": {"executed_lines": [247, 248, 249, 252, 256, 257, 260, 261, 265, 268, 269, 270, 273, 291, 294, 295, 311], "summary": {"covered_lines": 17, "num_statements": 22, "percent_covered": 77.27272727272727, "percent_covered_display": "77", "missing_lines": 5, "excluded_lines": 0}, "missing_lines": [250, 253, 263, 302, 303], "excluded_lines": []}, "ParquetStore.read_bars": {"executed_lines": [339, 341, 342, 347, 348, 350, 352, 358, 359, 360, 361, 362, 363, 364, 367, 368, 369, 370, 375, 376, 385, 387, 397, 400, 403, 404, 405, 408, 410], "summary": {"covered_lines": 29, "num_statements": 32, "percent_covered": 90.625, "percent_covered_display": "91", "missing_lines": 3, "excluded_lines": 0}, "missing_lines": [353, 377, 378], "excluded_lines": []}, "ParquetStore.read_ticks": {"executed_lines": [436, 438, 442, 443, 445, 447, 453, 454, 457, 462, 463, 464, 465, 470, 471, 480, 492, 495, 496, 497, 500, 502], "summary": {"covered_lines": 22, "num_statements": 32, "percent_covered": 68.75, "percent_covered_display": "69", "missing_lines": 10, "excluded_lines": 0}, "missing_lines": [439, 448, 455, 456, 458, 459, 472, 473, 482, 489], "excluded_lines": []}, "ParquetStore.list_symbols": {"executed_lines": [506, 509, 510, 511, 512, 514], "summary": {"covered_lines": 6, "num_statements": 7, "percent_covered": 85.71428571428571, "percent_covered_display": "86", "missing_lines": 1, "excluded_lines": 0}, "missing_lines": [507], "excluded_lines": []}, "ParquetStore.list_timeframes": {"executed_lines": [518, 520, 523, 524, 525, 526, 527, 528, 532], "summary": {"covered_lines": 9, "num_statements": 12, "percent_covered": 75.0, "percent_covered_display": "75", "missing_lines": 3, "excluded_lines": 0}, "missing_lines": [521, 529, 530], "excluded_lines": []}, "ParquetStore.list_partitions": {"executed_lines": [540, 541, 545, 548, 549, 551, 552, 553, 555], "summary": {"covered_lines": 9, "num_statements": 11, "percent_covered": 81.81818181818181, "percent_covered_display": "82", "missing_lines": 2, "excluded_lines": 0}, "missing_lines": [543, 546], "excluded_lines": []}, "ParquetStore.delete_data": {"executed_lines": [564, 565, 569, 572, 574, 576, 577, 578, 579, 582, 583, 584, 587, 588, 590], "summary": {"covered_lines": 15, "num_statements": 17, "percent_covered": 88.23529411764706, "percent_covered_display": "88", "missing_lines": 2, "excluded_lines": 0}, "missing_lines": [567, 570], "excluded_lines": []}, "ParquetStore.get_file_info": {"executed_lines": [599, 600, 604, 605, 609, 613, 614, 617, 618, 619, 620, 622], "summary": {"covered_lines": 12, "num_statements": 15, "percent_covered": 80.0, "percent_covered_display": "80", "missing_lines": 3, "excluded_lines": 0}, "missing_lines": [602, 607, 610], "excluded_lines": []}, "": {"executed_lines": [1, 12, 13, 14, 16, 17, 18, 20, 21, 22, 25, 26, 103, 105, 118, 225, 313, 412, 504, 516, 534, 557, 592], "summary": {"covered_lines": 21, "num_statements": 21, "perce
[...]
vered_lines": 0, "num_statements": 7, "percent_covered": 0.0, "percent_covered_display": "0", "missing_lines": 7, "excluded_lines": 0}, "missing_lines": [214, 216, 217, 219, 221, 222, 224], "excluded_lines": []}, "hash_file": {"executed_lines": [], "summary": {"covered_lines": 0, "num_statements": 11, "percent_covered": 0.0, "percent_covered_display": "0", "missing_lines": 11, "excluded_lines": 0}, "missing_lines": [263, 265, 266, 269, 270, 271, 272, 275, 276, 277, 279], "excluded_lines": []}, "hash_string": {"executed_lines": [], "summary": {"covered_lines": 0, "num_statements": 6, "percent_covered": 0.0, "percent_covered_display": "0", "missing_lines": 6, "excluded_lines": 0}, "missing_lines": [315, 316, 317, 318, 320, 321], "excluded_lines": []}, "sizeof_fmt": {"executed_lines": [], "summary": {"covered_lines": 0, "num_statements": 10, "percent_covered": 0.0, "percent_covered_display": "0", "missing_lines": 10, "excluded_lines": 0}, "missing_lines": [358, 359, 360, 362, 363, 365, 366, 367, 368, 370], "excluded_lines": []}, "clamp": {"executed_lines": [], "summary": {"covered_lines": 0, "num_statements": 3, "percent_covered": 0.0, "percent_covered_display": "0", "missing_lines": 3, "excluded_lines": 0}, "missing_lines": [401, 402, 404], "excluded_lines": []}, "safe_divide": {"executed_lines": [], "summary": {"covered_lines": 0, "num_statements": 3, "percent_covered": 0.0, "percent_covered_display": "0", "missing_lines": 3, "excluded_lines": 0}, "missing_lines": [438, 439, 441], "excluded_lines": []}, "lerp": {"executed_lines": [], "summary": {"covered_lines": 0, "num_statements": 1, "percent_covered": 0.0, "percent_covered_display": "0", "missing_lines": 1, "excluded_lines": 0}, "missing_lines": [470], "excluded_lines": []}, "normalize": {"executed_lines": [], "summary": {"covered_lines": 0, "num_statements": 3, "percent_covered": 0.0, "percent_covered_display": "0", "missing_lines": 3, "excluded_lines": 0}, "missing_lines": [509, 510, 512], "excluded_lines": []}, "denormalize": {"executed_lines": [], "summary": {"covered_lines": 0, "num_statements": 1, "percent_covered": 0.0, "percent_covered_display": "0", "missing_lines": 1, "excluded_lines": 0}, "missing_lines": [541], "excluded_lines": []}, "": {"executed_lines": [1, 8, 9, 10, 11, 14, 67, 130, 186, 227, 282, 324, 373, 407, 444, 473, 515], "summary": {"covered_lines": 16, "num_statements": 16, "percent_covered": 100.0, "percent_covered_display": "100", "missing_lines": 0, "excluded_lines": 0}, "missing_lines": [], "excluded_lines": []}}, "classes": {"": {"executed_lines": [1, 8, 9, 10, 11, 14, 67, 130, 186, 227, 282, 324, 373, 407, 444, 473, 515], "summary": {"covered_lines": 16, "num_statements": 85, "percent_covered": 18.823529411764707, "percent_covered_display": "19", "missing_lines": 69, "excluded_lines": 0}, "missing_lines": [52, 54, 56, 57, 59, 62, 64, 116, 118, 119, 121, 123, 125, 127, 168, 170, 171, 172, 175, 176, 177, 178, 181, 183, 214, 216, 217, 219, 221, 222, 224, 263, 265, 266, 269, 270, 271, 272, 275, 276, 277, 279, 315, 316, 317, 318, 320, 321, 358, 359, 360, 362, 363, 365, 366, 367, 368, 370, 401, 402, 404, 438, 439, 441, 470, 509, 510, 512, 541], "excluded_lines": []}}}, "src\\hqt\\foundation\\utils\\validation_utils.py": {"executed_lines": [1, 8, 9, 10, 13, 73, 165, 229, 277, 335, 417], "summary": {"covered_lines": 10, "num_statements": 111, "percent_covered": 9.00900900900901, "percent_covered_display": "9", "missing_lines": 101, "excluded_lines": 0}, "missing_lines": [44, 45, 48, 51, 52, 54, 55, 58, 59, 62, 63, 64, 67, 68, 70, 123, 124, 126, 127, 129, 130, 132, 133, 135, 136, 139, 140, 143, 144, 145, 146, 147, 148, 149, 150, 151, 153, 156, 159, 160, 162, 209, 210, 212, 213, 216, 217, 220, 221, 223, 224, 226, 267, 268, 269, 271, 272, 274, 322, 323, 325, 326, 327, 329, 330, 332, 383, 384, 386, 387, 389, 390, 391, 392, 393, 395, 396, 397, 398, 399, 402, 403, 404, 406, 408, 409, 410, 412, 414, 461, 462, 465, 466, 468, 471, 473, 476, 478, 481, 482, 484], "excluded_lines": [], "functions": {"validate_symbol": {"executed_lines": [], "summary": {"covered_lines": 0, "num_statements": 15, "percent_covered": 0.0, "percent_covered_display": "0", "missing_lines": 15, "excluded_lines": 0}, "missing_lines": [44, 45, 48, 51, 52, 54, 55, 58, 59, 62, 63, 64, 67, 68, 70], "excluded_lines": []}, "validate_volume": {"executed_lines": [], "summary": {"covered_lines": 0, "num_statements": 26, "percent_covered": 0.0, "percent_covered_display": "0", "missing_lines": 26, "excluded_lines": 0}, "missing_lines": [123, 124, 126, 127, 129, 130, 132, 133, 135, 136, 139, 140, 143, 144, 145, 146, 147, 148, 149, 150, 151, 153, 156, 159, 160, 162], "excluded_lines": []}, "validate_price": {"executed_lines": [], "summary": {"covered_lines": 0, "num_statements": 11, "percent_covered": 0.0, "percent_covered_display": "0", "missing_lines": 11, "excluded_lines": 0}, "missing_lines": [209, 210, 212, 213, 216, 217, 220, 221, 223, 224, 226], "excluded_lines": []}, "validate_positive": {"executed_lines": [], "summary": {"covered_lines": 0, "num_statements": 6, "percent_covered": 0.0, "percent_covered_display": "0", "missing_lines": 6, "excluded_lines": 0}, "missing_lines": [267, 268, 269, 271, 272, 274], "excluded_lines": []}, "validate_range": {"executed_lines": [], "summary": {"covered_lines": 0, "num_statements": 8, "percent_covered": 0.0, "percent_covered_display": "0", "missing_lines": 8, "excluded_lines": 0}, "missing_lines": [322, 323, 325, 326, 327, 329, 330, 332], "excluded_lines": []}, "validate_integer": {"executed_lines": [], "summary": {"covered_lines": 0, "num_statements": 23, "percent_covered": 0.0, "percent_covered_display": "0", "missing_lines": 23, "excluded_lines": 0}, "missing_lines": [383, 384, 386, 387, 389, 390, 391, 392, 393, 395, 396, 397, 398, 399, 402, 403, 404, 406, 408, 409, 410, 412, 414], "excluded_lines": []}, "sanitize_string": {"executed_lines": [], "summary": {"covered_lines": 0, "num_statements": 12, "percent_covered": 0.0, "percent_covered_display": "0", "missing_lines": 12, "excluded_lines": 0}, "missing_lines": [461, 462, 465, 466, 468, 471, 473, 476, 478, 481, 482, 484], "excluded_lines": []}, "": {"executed_lines": [1, 8, 9, 10, 13, 73, 165, 229, 277, 335, 417], "summary": {"covered_lines": 10, "num_statements": 10, "percent_covered": 100.0, "percent_covered_display": "100", "missing_lines": 0, "excluded_lines": 0}, "missing_lines": [], "excluded_lines": []}}, "classes": {"": {"executed_lines": [1, 8, 9, 10, 13, 73, 165, 229, 277, 335, 417], "summary": {"covered_lines": 10, "num_statements": 111, "percent_covered": 9.00900900900901, "percent_covered_display": "9", "missing_lines": 101, "excluded_lines": 0}, "missing_lines": [44, 45, 48, 51, 52, 54, 55, 58, 59, 62, 63, 64, 67, 68, 70, 123, 124, 126, 127, 129, 130, 132, 133, 135, 136, 139, 140, 143, 144, 145, 146, 147, 148, 149, 150, 151, 153, 156, 159, 160, 162, 209, 210, 212, 213, 216, 217, 220, 221, 223, 224, 226, 267, 268, 269, 271, 272, 274, 322, 323, 325, 326, 327, 329, 330, 332, 383, 384, 386, 387, 389, 390, 391, 392, 393, 395, 396, 397, 398, 399, 402, 403, 404, 406, 408, 409, 410, 412, 414, 461, 462, 465, 466, 468, 471, 473, 476, 478, 481, 482, 484], "excluded_lines": []}}}, "src\\hqt\\live\\__init__.py": {"executed_lines": [], "summary": {"covered_lines": 0, "num_statements": 0, "percent_covered": 100.0, "percent_covered_display": "100", "missing_lines": 0, "excluded_lines": 0}, "missing_lines": [], "excluded_lines": [], "functions": {"": {"executed_lines": [], "summary": {"covered_lines": 0, "num_statements": 0, "percent_covered": 100.0, "percent_covered_display": "100", "missing_lines": 0, "excluded_lines": 0}, "missing_lines": [], "excluded_lines": []}}, "classes": {"": {"executed_lines": [], "summary": {"covered_lines": 0, "num_statements": 0, "percent_covered": 100.0, "percent_covered_display": "100", "missing_lines": 0, "excluded_lines": 0}, "missing_lines": [], "excluded_lines": []}}}, "src\\hqt\\live\\gateway\\__init__.py": {"executed_lines": [], "summary": {"covered_lines": 0, "num_statements": 0, "percent_covered": 100.0, "percent_covered_display": "100", "missing_lines": 0, "excluded_lines": 0}, "missing_lines": [], "excluded_lines": [], "functions": {"": {"executed_lines": [], "summary": {"covered_lines": 0, "num_statements": 0, "percent_covered": 100.0, "percent_covered_display": "100", "missing_lines": 0, "excluded_lines": 0}, "missing_lines": [], "excluded_lines": []}}, "classes": {"": {"executed_lines": [], "summary": {"covered_lines": 0, "num_statements": 0, "percent_covered": 100.0, "percent_covered_display": "100", "missing_lines": 0, "excluded_lines": 0}, "missing_lines": [], "excluded_lines": []}}}, "src\\hqt\\notifications\\__init__.py": {"executed_lines": [], "summary": {"covered_lines": 0, "num_statements": 0, "percent_covered": 100.0, "percent_covered_display": "100", "missing_lines": 0, "excluded_lines": 0}, "missing_lines": [], "excluded_lines": [], "functions": {"": {"executed_lines": [], "summary": {"covered_lines": 0, "num_statements": 0, "percent_covered": 100.0, "percent_covered_display": "100", "missing_lines": 0, "excluded_lines": 0}, "missing_lines": [], "excluded_lines": []}}, "classes": {"": {"executed_lines": [], "summary": {"covered_lines": 0, "num_statements": 0, "percent_covered": 100.0, "percent_covered_display": "100", "missing_lines": 0, "excluded_lines": 0}, "missing_lines": [], "excluded_lines": []}}}, "src\\hqt\\notifications\\channels\\__init__.py": {"executed_lines": [], "summary": {"covered_lines": 0, "num_statements": 0, "percent_covered": 100.0, "percent_covered_display": "100", "missing_lines": 0, "excluded_lines": 0}, "missing_lines": [], "excluded_lines": [], "functions": {"": {"executed_lines": [], "summary": {"covered_lines": 0, "num_statements": 0, "percent_covered": 100.0, "percent_covered_display": "100", "missing_lines": 0, "excluded_lines": 0}, "missing_lines": [], "excluded_lines": []}}, "classes": {"": {"executed_lines": [], "summary": {"covered_lines": 0, "num_statements": 0, "percent_covered": 100.0, "percent_covered_display": "100", "missing_lines": 0, "excluded_lines": 0}, "missing_lines": [], "excluded_lines": []}}}, "src\\hqt\\observability\\__init__.py": {"executed_lines": [], "summary": {"covered_lines": 0, "num_statements": 0, "percent_covered": 100.0, "percent_covered_display": "100", "missing_lines": 0, "excluded_lines": 0}, "missing_lines": [], "excluded_lines": [], "functions": {"": {"executed_lines": [], "summary": {"covered_lines": 0, "num_statements": 0, "percent_covered": 100.0, "percent_covered_display": "100", "missing_lines": 0, "excluded_lines": 0}, "missing_lines": [], "excluded_lines": []}}, "classes": {"": {"executed_lines": [], "summary": {"covered_lines": 0, "num_statements": 0, "percent_covered": 100.0, "percent_covered_display": "100", "missing_lines": 0, "excluded_lines": 0}, "missing_lines": [], "excluded_lines": []}}}, "src\\hqt\\paper\\__init__.py": {"executed_lines": [], "summary": {"covered_lines": 0, "num_statements": 0, "percent_covered": 100.0, "percent_covered_display": "100", "missing_lines": 0, "excluded_lines": 0}, "missing_lines": [], "excluded_lines": [], "functions": {"": {"executed_lines": [], "summary": {"covered_lines": 0, "num_statements": 0, "percent_covered": 100.0, "percent_covered_display": "100", "missing_lines": 0, "excluded_lines": 0}, "missing_lines": [], "excluded_lines": []}}, "classes": {"": {"executed_lines": [], "summary": {"covered_lines": 0, "num_statements": 0, "percent_covered": 100.0, "percent_covered_display": "100", "missing_lines": 0, "excluded_lines": 0}, "missing_lines": [], "excluded_lines": []}}}, "src\\hqt\\risk\\__init__.py": {"executed_lines": [], "summary": {"covered_lines": 0, "num_statements": 0, "percent_covered": 100.0, "percent_covered_display": "100", "missing_lines": 0, "excluded_lines": 0}, "missing_lines": [], "excluded_lines": [], "functions": {"": {"executed_lines": [], "summary": {"covered_lines": 0, "num_statements": 0, "percent_covered": 100.0, "percent_covered_display": "100", "missing_lines": 0, "excluded_lines": 0}, "missing_lines": [], "excluded_lines": []}}, "classes": {"": {"executed_lines": [], "summary": {"covered_lines": 0, "num_statements": 0, "percent_covered": 100.0, "percent_covered_display": "100", "missing_lines": 0, "excluded_lines": 0}, "missing_lines": [], "excluded_lines": []}}}, "src\\hqt\\risk\\allocation\\__init__.py": {"executed_lines": [], "summary": {"covered_lines": 0, "num_statements": 0, "percent_covered": 100.0, "percent_covered_display": "100", "missing_lines": 0, "excluded_lines": 0}, "missing_lines": [], "excluded_lines": [], "functions": {"": {"executed_lines": [], "summary": {"covered_lines": 0, "num_statements": 0, "percent_covered": 100.0, "percent_covered_display": "100", "missing_lines": 0, "excluded_lines": 0}, "missing_lines": [], "excluded_lines": []}}, "classes": {"": {"executed_lines": [], "summary": {"covered_lines": 0, "num_statements": 0, "percent_covered": 100.0, "percent_covered_display": "100", "missing_lines": 0, "excluded_lines": 0}, "missing_lines": [], "excluded_lines": []}}}, "src\\hqt\\risk\\position_sizing\\__init__.py": {"executed_lines": [], "summary": {"covered_lines": 0, "num_statements": 0, "percent_covered": 100.0, "percent_covered_display": "100", "missing_lines": 0, "excluded_lines": 0}, "missing_lines": [], "excluded_lines": [], "functions": {"": {"executed_lines": [], "summary": {"covered_lines": 0, "num_statements": 0, "percent_covered": 100.0, "percent_covered_display": "100", "missing_lines": 0, "excluded_lines": 0}, "missing_lines": [], "excluded_lines": []}}, "classes": {"": {"executed_lines": [], "summary": {"covered_lines": 0, "num_statements": 0, "percent_covered": 100.0, "percent_covered_display": "100", "missing_lines": 0, "excluded_lines": 0}, "missing_lines": [], "excluded_lines": []}}}, "src\\hqt\\risk\\regime\\__init__.py": {"executed_lines": [], "summary": {"covered_lines": 0, "num_statements": 0, "percent_covered": 100.0, "percent_covered_display": "100", "missing_lines": 0, "excluded_lines": 0}, "missing_lines": [], "excluded_lines": [], "functions": {"": {"executed_lines": [], "summary": {"covered_lines": 0, "num_statements": 0, "percent_covered": 100.0, "percent_covered_display": "100", "missing_lines": 0, "excluded_lines": 0}, "missing_lines": [], "excluded_lines": []}}, "classes": {"": {"executed_lines": [], "summary": {"covered_lines": 0, "num_statements": 0, "percent_covered": 100.0, "percent_covered_display": "100", "missing_lines": 0, "excluded_lines": 0}, "missing_lines": [], "excluded_lines": []}}}, "src\\hqt\\strategy\\__init__.py": {"executed_lines": [], "summary": {"covered_lines": 0, "num_statements": 0, "percent_covered": 100.0, "percent_covered_display": "100", "missing_lines": 0, "excluded_lines": 0}, "missing_lines": [], "excluded_lines": [], "functions": {"": {"executed_lines": [], "summary": {"covered_lines": 0, "num_statements": 0, "percent_covered": 100.0, "percent_covered_display": "100", "missing_lines": 0, "excluded_lines": 0}, "missing_lines": [], "excluded_lines": []}}, "classes": {"": {"executed_lines": [], "summary": {"covered_lines": 0, "num_statements": 0, "percent_covered": 100.0, "percent_covered_display": "100", "missing_lines": 0, "excluded_lines": 0}, "missing_lines": [], "excluded_lines": []}}}, "src\\hqt\\strategy\\indicators\\__init__.py": {"executed_lines": [], "summary": {"covered_lines": 0, "num_statements": 0, "percent_covered": 100.0, "percent_covered_display": "100", "missing_lines": 0, "excluded_lines": 0}, "missing_lines": [], "excluded_lines": [], "functions": {"": {"executed_lines": [], "summary": {"covered_lines": 0, "num_statements": 0, "percent_covered": 100.0, "percent_covered_display": "100", "missing_lines": 0, "excluded_lines": 0}, "missing_lines": [], "excluded_lines": []}}, "classes": {"": {"executed_lines": [], "summary": {"covered_lines": 0, "num_statements": 0, "percent_covered": 100.0, "percent_covered_display": "100", "missing_lines": 0, "excluded_lines": 0}, "missing_lines": [], "excluded_lines": []}}}, "src\\hqt\\trading\\__init__.py": {"executed_lines": [], "summary": {"covered_lines": 0, "num_statements": 0, "percent_covered": 100.0, "percent_covered_display": "100", "missing_lines": 0, "excluded_lines": 0}, "missing_lines": [], "excluded_lines": [], "functions": {"": {"executed_lines": [], "summary": {"covered_lines": 0, "num_statements": 0, "percent_covered": 100.0, "percent_covered_display": "100", "missing_lines": 0, "excluded_lines": 0}, "missing_lines": [], "excluded_lines": []}}, "classes": {"": {"executed_lines": [], "summary": {"covered_lines": 0, "num_statements": 0, "percent_covered": 100.0, "percent_covered_display": "100", "missing_lines": 0, "excluded_lines": 0}, "missing_lines": [], "excluded_lines": []}}}, "src\\hqt\\ui\\__init__.py": {"executed_lines": [], "summary": {"covered_lines": 0, "num_statements": 0, "percent_covered": 100.0, "percent_covered_display": "100", "missing_lines": 0, "excluded_lines": 0}, "missing_lines": [], "excluded_lines": [], "functions": {"": {"executed_lines": [], "summary": {"covered_lines": 0, "num_statements": 0, "percent_covered": 100.0, "percent_covered_display": "100", "missing_lines": 0, "excluded_lines": 0}, "missing_lines": [], "excluded_lines": []}}, "classes": {"": {"executed_lines": [], "summary": {"covered_lines": 0, "num_statements": 0, "percent_covered": 100.0, "percent_covered_display": "100", "missing_lines": 0, "excluded_lines": 0}, "missing_lines": [], "excluded_lines": []}}}, "src\\hqt\\ui\\models\\__init__.py": {"executed_lines": [], "summary": {"covered_lines": 0, "num_statements": 0, "percent_covered": 100.0, "percent_covered_display": "100", "missing_lines": 0, "excluded_lines": 0}, "missing_lines": [], "excluded_lines": [], "functions": {"": {"executed_lines": [], "summary": {"covered_lines": 0, "num_statements": 0, "percent_covered": 100.0, "percent_covered_display": "100", "missing_lines": 0, "excluded_lines": 0}, "missing_lines": [], "excluded_lines": []}}, "classes": {"": {"executed_lines": [], "summary": {"covered_lines": 0, "num_statements": 0, "percent_covered": 100.0, "percent_covered_display": "100", "missing_lines": 0, "excluded_lines": 0}, "missing_lines": [], "excluded_lines": []}}}, "src\\hqt\\ui\\threads\\__init__.py": {"executed_lines": [], "summary": {"covered_lines": 0, "num_statements": 0, "percent_covered": 100.0, "percent_covered_display": "100", "missing_lines": 0, "excluded_lines": 0}, "missing_lines": [], "excluded_lines": [], "functions": {"": {"executed_lines": [], "summary": {"covered_lines": 0, "num_statements": 0, "percent_covered": 100.0, "percent_covered_display": "100", "missing_lines": 0, "excluded_lines": 0}, "missing_lines": [], "excluded_lines": []}}, "classes": {"": {"executed_lines": [], "summary": {"covered_lines": 0, "num_statements": 0, "percent_covered": 100.0, "percent_covered_display": "100", "missing_lines": 0, "excluded_lines": 0}, "missing_lines": [], "excluded_lines": []}}}, "src\\hqt\\ui\\widgets\\__init__.py": {"executed_lines": [], "summary": {"covered_lines": 0, "num_statements": 0, "percent_covered": 100.0, "percent_covered_display": "100", "missing_lines": 0, "excluded_lines": 0}, "missing_lines": [], "excluded_lines": [], "functions": {"": {"executed_lines": [], "summary": {"covered_lines": 0, "num_statements": 0, "percent_covered": 100.0, "percent_covered_display": "100", "missing_lines": 0, "excluded_lines": 0}, "missing_lines": [], "excluded_lines": []}}, "classes": {"": {"executed_lines": [], "summary": {"covered_lines": 0, "num_statements": 0, "percent_covered": 100.0, "percent_covered_display": "100", "missing_lines": 0, "excluded_lines": 0}, "missing_lines": [], "excluded_lines": []}}}}, "totals": {"covered_lines": 2851, "num_statements": 3936, "percent_covered": 72.4339430894309, "percent_covered_display": "72", "missing_lines": 1085, "excluded_lines": 4}}